This is pdfTeX, Version 3.14159265-2.6-1.40.18 (TeX Live 2017) (preloaded format=pdflatex 2017.5.23)  12 DEC 2017 00:44
entering extended mode
 restricted \write18 enabled.
 %&-line parsing enabled.
**masters_defence.tex
(./masters_defence.tex
LaTeX2e <2017-04-15>
Babel <3.10> and hyphenation patterns for 84 language(s) loaded.
(/usr/local/texlive/2017/texmf-dist/tex/latex/beamer/beamer.cls
Document Class: beamer 2017/01/23 v3.41 A class for typesetting presentations
(/usr/local/texlive/2017/texmf-dist/tex/latex/etoolbox/etoolbox.sty
Package: etoolbox 2017/01/02 v2.4 e-TeX tools for LaTeX (JAW)
\etb@tempcnta=\count79
)
(/usr/local/texlive/2017/texmf-dist/tex/latex/beamer/beamerbasemodes.sty
\beamer@tempbox=\box26
\beamer@tempcount=\count80
\c@beamerpauses=\count81

(/usr/local/texlive/2017/texmf-dist/tex/latex/beamer/beamerbasedecode.sty
\beamer@slideinframe=\count82
\beamer@minimum=\count83
)
\beamer@commentbox=\box27
\beamer@modecount=\count84
)
(/usr/local/texlive/2017/texmf-dist/tex/generic/oberdiek/ifpdf.sty
Package: ifpdf 2017/03/15 v3.2 Provides the ifpdf switch
)
\headheight=\dimen102
\headdp=\dimen103
\footheight=\dimen104
\sidebarheight=\dimen105
\beamer@tempdim=\dimen106
\beamer@finalheight=\dimen107
\beamer@animht=\dimen108
\beamer@animdp=\dimen109
\beamer@animwd=\dimen110
\beamer@leftmargin=\dimen111
\beamer@rightmargin=\dimen112
\beamer@leftsidebar=\dimen113
\beamer@rightsidebar=\dimen114
\beamer@boxsize=\dimen115
\beamer@vboxoffset=\dimen116
\beamer@descdefault=\dimen117
\beamer@descriptionwidth=\dimen118
\beamer@lastskip=\skip41
\beamer@areabox=\box28
\beamer@animcurrent=\box29
\beamer@animshowbox=\box30
\beamer@sectionbox=\box31
\beamer@logobox=\box32
\beamer@linebox=\box33
\beamer@sectioncount=\count85
\beamer@subsubsectionmax=\count86
\beamer@subsectionmax=\count87
\beamer@sectionmax=\count88
\beamer@totalheads=\count89
\beamer@headcounter=\count90
\beamer@partstartpage=\count91
\beamer@sectionstartpage=\count92
\beamer@subsectionstartpage=\count93
\beamer@animationtempa=\count94
\beamer@animationtempb=\count95
\beamer@xpos=\count96
\beamer@ypos=\count97
\beamer@showpartnumber=\count98
\beamer@currentsubsection=\count99
\beamer@coveringdepth=\count100
\beamer@sectionadjust=\count101
\beamer@tocsectionnumber=\count102

(/usr/local/texlive/2017/texmf-dist/tex/latex/beamer/beamerbaseoptions.sty
(/usr/local/texlive/2017/texmf-dist/tex/latex/graphics/keyval.sty
Package: keyval 2014/10/28 v1.15 key=value parser (DPC)
\KV@toks@=\toks14
))
\beamer@paperwidth=\skip42
\beamer@paperheight=\skip43

(/usr/local/texlive/2017/texmf-dist/tex/latex/geometry/geometry.sty
Package: geometry 2010/09/12 v5.6 Page Geometry

(/usr/local/texlive/2017/texmf-dist/tex/generic/oberdiek/ifvtex.sty
Package: ifvtex 2016/05/16 v1.6 Detect VTeX and its facilities (HO)
Package ifvtex Info: VTeX not detected.
)
(/usr/local/texlive/2017/texmf-dist/tex/generic/ifxetex/ifxetex.sty
Package: ifxetex 2010/09/12 v0.6 Provides ifxetex conditional
)
\Gm@cnth=\count103
\Gm@cntv=\count104
\c@Gm@tempcnt=\count105
\Gm@bindingoffset=\dimen119
\Gm@wd@mp=\dimen120
\Gm@odd@mp=\dimen121
\Gm@even@mp=\dimen122
\Gm@layoutwidth=\dimen123
\Gm@layoutheight=\dimen124
\Gm@layouthoffset=\dimen125
\Gm@layoutvoffset=\dimen126
\Gm@dimlist=\toks15
)
(/usr/local/texlive/2017/texmf-dist/tex/latex/base/size11.clo
File: size11.clo 2014/09/29 v1.4h Standard LaTeX file (size option)
)
(/usr/local/texlive/2017/texmf-dist/tex/latex/pgf/basiclayer/pgfcore.sty
(/usr/local/texlive/2017/texmf-dist/tex/latex/graphics/graphicx.sty
Package: graphicx 2014/10/28 v1.0g Enhanced LaTeX Graphics (DPC,SPQR)

(/usr/local/texlive/2017/texmf-dist/tex/latex/graphics/graphics.sty
Package: graphics 2017/04/14 v1.1b Standard LaTeX Graphics (DPC,SPQR)

(/usr/local/texlive/2017/texmf-dist/tex/latex/graphics/trig.sty
Package: trig 2016/01/03 v1.10 sin cos tan (DPC)
)
(/usr/local/texlive/2017/texmf-dist/tex/latex/graphics-cfg/graphics.cfg
File: graphics.cfg 2016/06/04 v1.11 sample graphics configuration
)
Package graphics Info: Driver file: pdftex.def on input line 99.

(/usr/local/texlive/2017/texmf-dist/tex/latex/graphics-def/pdftex.def
File: pdftex.def 2017/01/12 v0.06k Graphics/color for pdfTeX

(/usr/local/texlive/2017/texmf-dist/tex/generic/oberdiek/infwarerr.sty
Package: infwarerr 2016/05/16 v1.4 Providing info/warning/error messages (HO)
)
(/usr/local/texlive/2017/texmf-dist/tex/generic/oberdiek/ltxcmds.sty
Package: ltxcmds 2016/05/16 v1.23 LaTeX kernel commands for general use (HO)
)
\Gread@gobject=\count106
))
\Gin@req@height=\dimen127
\Gin@req@width=\dimen128
)
(/usr/local/texlive/2017/texmf-dist/tex/latex/pgf/systemlayer/pgfsys.sty
(/usr/local/texlive/2017/texmf-dist/tex/latex/pgf/utilities/pgfrcs.sty
(/usr/local/texlive/2017/texmf-dist/tex/generic/pgf/utilities/pgfutil-common.te
x
\pgfutil@everybye=\toks16
\pgfutil@tempdima=\dimen129
\pgfutil@tempdimb=\dimen130

(/usr/local/texlive/2017/texmf-dist/tex/generic/pgf/utilities/pgfutil-common-li
sts.tex))
(/usr/local/texlive/2017/texmf-dist/tex/generic/pgf/utilities/pgfutil-latex.def
\pgfutil@abb=\box34
(/usr/local/texlive/2017/texmf-dist/tex/latex/ms/everyshi.sty
Package: everyshi 2001/05/15 v3.00 EveryShipout Package (MS)
))
(/usr/local/texlive/2017/texmf-dist/tex/generic/pgf/utilities/pgfrcs.code.tex
Package: pgfrcs 2015/08/07 v3.0.1a (rcs-revision 1.31)
))
(/usr/local/texlive/2017/texmf-dist/tex/generic/pgf/systemlayer/pgfsys.code.tex
Package: pgfsys 2014/07/09 v3.0.1a (rcs-revision 1.48)
(/usr/local/texlive/2017/texmf-dist/tex/generic/pgf/utilities/pgfkeys.code.tex
\pgfkeys@pathtoks=\toks17
\pgfkeys@temptoks=\toks18

(/usr/local/texlive/2017/texmf-dist/tex/generic/pgf/utilities/pgfkeysfiltered.c
ode.tex
\pgfkeys@tmptoks=\toks19
))
\pgf@x=\dimen131
\pgf@y=\dimen132
\pgf@xa=\dimen133
\pgf@ya=\dimen134
\pgf@xb=\dimen135
\pgf@yb=\dimen136
\pgf@xc=\dimen137
\pgf@yc=\dimen138
\w@pgf@writea=\write3
\r@pgf@reada=\read1
\c@pgf@counta=\count107
\c@pgf@countb=\count108
\c@pgf@countc=\count109
\c@pgf@countd=\count110
\t@pgf@toka=\toks20
\t@pgf@tokb=\toks21
\t@pgf@tokc=\toks22

(/usr/local/texlive/2017/texmf-dist/tex/generic/pgf/systemlayer/pgf.cfg
File: pgf.cfg 2008/05/14  (rcs-revision 1.7)
)
Driver file for pgf: pgfsys-pdftex.def

(/usr/local/texlive/2017/texmf-dist/tex/generic/pgf/systemlayer/pgfsys-pdftex.d
ef
File: pgfsys-pdftex.def 2014/10/11  (rcs-revision 1.35)

(/usr/local/texlive/2017/texmf-dist/tex/generic/pgf/systemlayer/pgfsys-common-p
df.def
File: pgfsys-common-pdf.def 2013/10/10  (rcs-revision 1.13)
)))
(/usr/local/texlive/2017/texmf-dist/tex/generic/pgf/systemlayer/pgfsyssoftpath.
code.tex
File: pgfsyssoftpath.code.tex 2013/09/09  (rcs-revision 1.9)
\pgfsyssoftpath@smallbuffer@items=\count111
\pgfsyssoftpath@bigbuffer@items=\count112
)
(/usr/local/texlive/2017/texmf-dist/tex/generic/pgf/systemlayer/pgfsysprotocol.
code.tex
File: pgfsysprotocol.code.tex 2006/10/16  (rcs-revision 1.4)
)) (/usr/local/texlive/2017/texmf-dist/tex/latex/xcolor/xcolor.sty
Package: xcolor 2016/05/11 v2.12 LaTeX color extensions (UK)

(/usr/local/texlive/2017/texmf-dist/tex/latex/graphics-cfg/color.cfg
File: color.cfg 2016/01/02 v1.6 sample color configuration
)
Package xcolor Info: Driver file: pdftex.def on input line 225.
Package xcolor Info: Model `cmy' substituted by `cmy0' on input line 1348.
Package xcolor Info: Model `hsb' substituted by `rgb' on input line 1352.
Package xcolor Info: Model `RGB' extended on input line 1364.
Package xcolor Info: Model `HTML' substituted by `rgb' on input line 1366.
Package xcolor Info: Model `Hsb' substituted by `hsb' on input line 1367.
Package xcolor Info: Model `tHsb' substituted by `hsb' on input line 1368.
Package xcolor Info: Model `HSB' substituted by `hsb' on input line 1369.
Package xcolor Info: Model `Gray' substituted by `gray' on input line 1370.
Package xcolor Info: Model `wave' substituted by `hsb' on input line 1371.
)
(/usr/local/texlive/2017/texmf-dist/tex/generic/pgf/basiclayer/pgfcore.code.tex
Package: pgfcore 2010/04/11 v3.0.1a (rcs-revision 1.7)
(/usr/local/texlive/2017/texmf-dist/tex/generic/pgf/math/pgfmath.code.tex
(/usr/local/texlive/2017/texmf-dist/tex/generic/pgf/math/pgfmathcalc.code.tex
(/usr/local/texlive/2017/texmf-dist/tex/generic/pgf/math/pgfmathutil.code.tex)
(/usr/local/texlive/2017/texmf-dist/tex/generic/pgf/math/pgfmathparser.code.tex
\pgfmath@dimen=\dimen139
\pgfmath@count=\count113
\pgfmath@box=\box35
\pgfmath@toks=\toks23
\pgfmath@stack@operand=\toks24
\pgfmath@stack@operation=\toks25
)
(/usr/local/texlive/2017/texmf-dist/tex/generic/pgf/math/pgfmathfunctions.code.
tex
(/usr/local/texlive/2017/texmf-dist/tex/generic/pgf/math/pgfmathfunctions.basic
.code.tex)
(/usr/local/texlive/2017/texmf-dist/tex/generic/pgf/math/pgfmathfunctions.trigo
nometric.code.tex)
(/usr/local/texlive/2017/texmf-dist/tex/generic/pgf/math/pgfmathfunctions.rando
m.code.tex)
(/usr/local/texlive/2017/texmf-dist/tex/generic/pgf/math/pgfmathfunctions.compa
rison.code.tex)
(/usr/local/texlive/2017/texmf-dist/tex/generic/pgf/math/pgfmathfunctions.base.
code.tex)
(/usr/local/texlive/2017/texmf-dist/tex/generic/pgf/math/pgfmathfunctions.round
.code.tex)
(/usr/local/texlive/2017/texmf-dist/tex/generic/pgf/math/pgfmathfunctions.misc.
code.tex)
(/usr/local/texlive/2017/texmf-dist/tex/generic/pgf/math/pgfmathfunctions.integ
erarithmetics.code.tex)))
(/usr/local/texlive/2017/texmf-dist/tex/generic/pgf/math/pgfmathfloat.code.tex
\c@pgfmathroundto@lastzeros=\count114
))
(/usr/local/texlive/2017/texmf-dist/tex/generic/pgf/basiclayer/pgfcorepoints.co
de.tex
File: pgfcorepoints.code.tex 2013/10/07  (rcs-revision 1.27)
\pgf@picminx=\dimen140
\pgf@picmaxx=\dimen141
\pgf@picminy=\dimen142
\pgf@picmaxy=\dimen143
\pgf@pathminx=\dimen144
\pgf@pathmaxx=\dimen145
\pgf@pathminy=\dimen146
\pgf@pathmaxy=\dimen147
\pgf@xx=\dimen148
\pgf@xy=\dimen149
\pgf@yx=\dimen150
\pgf@yy=\dimen151
\pgf@zx=\dimen152
\pgf@zy=\dimen153
)
(/usr/local/texlive/2017/texmf-dist/tex/generic/pgf/basiclayer/pgfcorepathconst
ruct.code.tex
File: pgfcorepathconstruct.code.tex 2013/10/07  (rcs-revision 1.29)
\pgf@path@lastx=\dimen154
\pgf@path@lasty=\dimen155
)
(/usr/local/texlive/2017/texmf-dist/tex/generic/pgf/basiclayer/pgfcorepathusage
.code.tex
File: pgfcorepathusage.code.tex 2014/11/02  (rcs-revision 1.24)
\pgf@shorten@end@additional=\dimen156
\pgf@shorten@start@additional=\dimen157
)
(/usr/local/texlive/2017/texmf-dist/tex/generic/pgf/basiclayer/pgfcorescopes.co
de.tex
File: pgfcorescopes.code.tex 2015/05/08  (rcs-revision 1.46)
\pgfpic=\box36
\pgf@hbox=\box37
\pgf@layerbox@main=\box38
\pgf@picture@serial@count=\count115
)
(/usr/local/texlive/2017/texmf-dist/tex/generic/pgf/basiclayer/pgfcoregraphicst
ate.code.tex
File: pgfcoregraphicstate.code.tex 2014/11/02  (rcs-revision 1.12)
\pgflinewidth=\dimen158
)
(/usr/local/texlive/2017/texmf-dist/tex/generic/pgf/basiclayer/pgfcoretransform
ations.code.tex
File: pgfcoretransformations.code.tex 2015/08/07  (rcs-revision 1.20)
\pgf@pt@x=\dimen159
\pgf@pt@y=\dimen160
\pgf@pt@temp=\dimen161
)
(/usr/local/texlive/2017/texmf-dist/tex/generic/pgf/basiclayer/pgfcorequick.cod
e.tex
File: pgfcorequick.code.tex 2008/10/09  (rcs-revision 1.3)
)
(/usr/local/texlive/2017/texmf-dist/tex/generic/pgf/basiclayer/pgfcoreobjects.c
ode.tex
File: pgfcoreobjects.code.tex 2006/10/11  (rcs-revision 1.2)
)
(/usr/local/texlive/2017/texmf-dist/tex/generic/pgf/basiclayer/pgfcorepathproce
ssing.code.tex
File: pgfcorepathprocessing.code.tex 2013/09/09  (rcs-revision 1.9)
)
(/usr/local/texlive/2017/texmf-dist/tex/generic/pgf/basiclayer/pgfcorearrows.co
de.tex
File: pgfcorearrows.code.tex 2015/05/14  (rcs-revision 1.43)
\pgfarrowsep=\dimen162
)
(/usr/local/texlive/2017/texmf-dist/tex/generic/pgf/basiclayer/pgfcoreshade.cod
e.tex
File: pgfcoreshade.code.tex 2013/07/15  (rcs-revision 1.15)
\pgf@max=\dimen163
\pgf@sys@shading@range@num=\count116
)
(/usr/local/texlive/2017/texmf-dist/tex/generic/pgf/basiclayer/pgfcoreimage.cod
e.tex
File: pgfcoreimage.code.tex 2013/07/15  (rcs-revision 1.18)

(/usr/local/texlive/2017/texmf-dist/tex/generic/pgf/basiclayer/pgfcoreexternal.
code.tex
File: pgfcoreexternal.code.tex 2014/07/09  (rcs-revision 1.21)
\pgfexternal@startupbox=\box39
))
(/usr/local/texlive/2017/texmf-dist/tex/generic/pgf/basiclayer/pgfcorelayers.co
de.tex
File: pgfcorelayers.code.tex 2013/07/18  (rcs-revision 1.7)
)
(/usr/local/texlive/2017/texmf-dist/tex/generic/pgf/basiclayer/pgfcoretranspare
ncy.code.tex
File: pgfcoretransparency.code.tex 2013/09/30  (rcs-revision 1.5)
)
(/usr/local/texlive/2017/texmf-dist/tex/generic/pgf/basiclayer/pgfcorepatterns.
code.tex
File: pgfcorepatterns.code.tex 2013/11/07  (rcs-revision 1.5)
)))
(/usr/local/texlive/2017/texmf-dist/tex/latex/pgf/utilities/xxcolor.sty
Package: xxcolor 2003/10/24 ver 0.1
\XC@nummixins=\count117
\XC@countmixins=\count118
)
(/usr/local/texlive/2017/texmf-dist/tex/generic/oberdiek/atbegshi.sty
Package: atbegshi 2016/06/09 v1.18 At begin shipout hook (HO)
)
(/usr/local/texlive/2017/texmf-dist/tex/latex/hyperref/hyperref.sty
Package: hyperref 2017/03/14 v6.85a Hypertext links for LaTeX

(/usr/local/texlive/2017/texmf-dist/tex/generic/oberdiek/hobsub-hyperref.sty
Package: hobsub-hyperref 2016/05/16 v1.14 Bundle oberdiek, subset hyperref (HO)


(/usr/local/texlive/2017/texmf-dist/tex/generic/oberdiek/hobsub-generic.sty
Package: hobsub-generic 2016/05/16 v1.14 Bundle oberdiek, subset generic (HO)
Package: hobsub 2016/05/16 v1.14 Construct package bundles (HO)
Package hobsub Info: Skipping package `infwarerr' (already loaded).
Package hobsub Info: Skipping package `ltxcmds' (already loaded).
Package: ifluatex 2016/05/16 v1.4 Provides the ifluatex switch (HO)
Package ifluatex Info: LuaTeX not detected.
Package hobsub Info: Skipping package `ifvtex' (already loaded).
Package: intcalc 2016/05/16 v1.2 Expandable calculations with integers (HO)
Package hobsub Info: Skipping package `ifpdf' (already loaded).
Package: etexcmds 2016/05/16 v1.6 Avoid name clashes with e-TeX commands (HO)
Package etexcmds Info: Could not find \expanded.
(etexcmds)             That can mean that you are not using pdfTeX 1.50 or
(etexcmds)             that some package has redefined \expanded.
(etexcmds)             In the latter case, load this package earlier.
Package: kvsetkeys 2016/05/16 v1.17 Key value parser (HO)
Package: kvdefinekeys 2016/05/16 v1.4 Define keys (HO)
Package: pdftexcmds 2017/03/19 v0.25 Utility functions of pdfTeX for LuaTeX (HO
)
Package pdftexcmds Info: LuaTeX not detected.
Package pdftexcmds Info: \pdf@primitive is available.
Package pdftexcmds Info: \pdf@ifprimitive is available.
Package pdftexcmds Info: \pdfdraftmode found.
Package: pdfescape 2016/05/16 v1.14 Implements pdfTeX's escape features (HO)
Package: bigintcalc 2016/05/16 v1.4 Expandable calculations on big integers (HO
)
Package: bitset 2016/05/16 v1.2 Handle bit-vector datatype (HO)
Package: uniquecounter 2016/05/16 v1.3 Provide unlimited unique counter (HO)
)
Package hobsub Info: Skipping package `hobsub' (already loaded).
Package: letltxmacro 2016/05/16 v1.5 Let assignment for LaTeX macros (HO)
Package: hopatch 2016/05/16 v1.3 Wrapper for package hooks (HO)
Package: xcolor-patch 2016/05/16 xcolor patch
Package: atveryend 2016/05/16 v1.9 Hooks at the very end of document (HO)
Package hobsub Info: Skipping package `atbegshi' (already loaded).
Package: refcount 2016/05/16 v3.5 Data extraction from label references (HO)
Package: hycolor 2016/05/16 v1.8 Color options for hyperref/bookmark (HO)
)
(/usr/local/texlive/2017/texmf-dist/tex/latex/oberdiek/auxhook.sty
Package: auxhook 2016/05/16 v1.4 Hooks for auxiliary files (HO)
)
(/usr/local/texlive/2017/texmf-dist/tex/latex/oberdiek/kvoptions.sty
Package: kvoptions 2016/05/16 v3.12 Key value format for package options (HO)
)
\@linkdim=\dimen164
\Hy@linkcounter=\count119
\Hy@pagecounter=\count120

(/usr/local/texlive/2017/texmf-dist/tex/latex/hyperref/pd1enc.def
File: pd1enc.def 2017/03/14 v6.85a Hyperref: PDFDocEncoding definition (HO)
)
\Hy@SavedSpaceFactor=\count121

(/usr/local/texlive/2017/texmf-dist/tex/latex/latexconfig/hyperref.cfg
File: hyperref.cfg 2002/06/06 v1.2 hyperref configuration of TeXLive
)
Package hyperref Info: Option `bookmarks' set `true' on input line 4374.
Package hyperref Info: Option `bookmarksopen' set `true' on input line 4374.
Package hyperref Info: Option `implicit' set `false' on input line 4374.
Package hyperref Info: Hyper figures OFF on input line 4498.
Package hyperref Info: Link nesting OFF on input line 4503.
Package hyperref Info: Hyper index ON on input line 4506.
Package hyperref Info: Plain pages OFF on input line 4513.
Package hyperref Info: Backreferencing OFF on input line 4518.
Package hyperref Info: Implicit mode OFF; no redefinition of LaTeX internals.
Package hyperref Info: Bookmarks ON on input line 4751.
\c@Hy@tempcnt=\count122

(/usr/local/texlive/2017/texmf-dist/tex/latex/url/url.sty
\Urlmuskip=\muskip10
Package: url 2013/09/16  ver 3.4  Verb mode for urls, etc.
)
LaTeX Info: Redefining \url on input line 5104.
\XeTeXLinkMargin=\dimen165
\Fld@menulength=\count123
\Field@Width=\dimen166
\Fld@charsize=\dimen167
Package hyperref Info: Hyper figures OFF on input line 6358.
Package hyperref Info: Link nesting OFF on input line 6363.
Package hyperref Info: Hyper index ON on input line 6366.
Package hyperref Info: backreferencing OFF on input line 6373.
Package hyperref Info: Link coloring OFF on input line 6378.
Package hyperref Info: Link coloring with OCG OFF on input line 6383.
Package hyperref Info: PDF/A mode OFF on input line 6388.
LaTeX Info: Redefining \ref on input line 6428.
LaTeX Info: Redefining \pageref on input line 6432.
\Hy@abspage=\count124


Package hyperref Message: Stopped early.

)

Package hyperref Message: Driver (autodetected): hpdftex.

(/usr/local/texlive/2017/texmf-dist/tex/latex/hyperref/hpdftex.def
File: hpdftex.def 2017/03/14 v6.85a Hyperref driver for pdfTeX
\Fld@listcount=\count125
\c@bookmark@seq@number=\count126

(/usr/local/texlive/2017/texmf-dist/tex/latex/oberdiek/rerunfilecheck.sty
Package: rerunfilecheck 2016/05/16 v1.8 Rerun checks for auxiliary files (HO)
Package uniquecounter Info: New unique counter `rerunfilecheck' on input line 2
82.
))
(/usr/local/texlive/2017/texmf-dist/tex/latex/beamer/beamerbaserequires.sty
(/usr/local/texlive/2017/texmf-dist/tex/latex/beamer/beamerbasecompatibility.st
y) (/usr/local/texlive/2017/texmf-dist/tex/latex/beamer/beamerbasefont.sty
(/usr/local/texlive/2017/texmf-dist/tex/latex/amsfonts/amssymb.sty
Package: amssymb 2013/01/14 v3.01 AMS font symbols

(/usr/local/texlive/2017/texmf-dist/tex/latex/amsfonts/amsfonts.sty
Package: amsfonts 2013/01/14 v3.01 Basic AMSFonts support
\@emptytoks=\toks26
\symAMSa=\mathgroup4
\symAMSb=\mathgroup5
LaTeX Font Info:    Overwriting math alphabet `\mathfrak' in version `bold'
(Font)                  U/euf/m/n --> U/euf/b/n on input line 106.
))
(/usr/local/texlive/2017/texmf-dist/tex/latex/sansmathaccent/sansmathaccent.sty
Package: sansmathaccent 2013/03/28
(/usr/local/texlive/2017/texmf-dist/tex/latex/filehook/filehook.sty
Package: filehook 2011/10/12 v0.5d Hooks for input files
)))
(/usr/local/texlive/2017/texmf-dist/tex/latex/beamer/beamerbasetranslator.sty
(/usr/local/texlive/2017/texmf-dist/tex/latex/beamer/translator/translator.sty
Package: translator 2010/06/12 ver 1.10

(/usr/local/texlive/2017/texmf-dist/tex/latex/beamer/translator/translator-lang
uage-mappings.tex)))
(/usr/local/texlive/2017/texmf-dist/tex/latex/beamer/beamerbasemisc.sty)
(/usr/local/texlive/2017/texmf-dist/tex/latex/beamer/beamerbasetwoscreens.sty)
(/usr/local/texlive/2017/texmf-dist/tex/latex/beamer/beamerbaseoverlay.sty
\beamer@argscount=\count127
\beamer@lastskipcover=\skip44
\beamer@trivlistdepth=\count128
)
(/usr/local/texlive/2017/texmf-dist/tex/latex/beamer/beamerbasetitle.sty)
(/usr/local/texlive/2017/texmf-dist/tex/latex/beamer/beamerbasesection.sty
\c@lecture=\count129
\c@part=\count130
\c@section=\count131
\c@subsection=\count132
\c@subsubsection=\count133
)
(/usr/local/texlive/2017/texmf-dist/tex/latex/beamer/beamerbaseframe.sty
\beamer@framebox=\box40
\beamer@frametitlebox=\box41
\beamer@zoombox=\box42
\beamer@zoomcount=\count134
\beamer@zoomframecount=\count135
\beamer@frametextheight=\dimen168
\c@subsectionslide=\count136
\beamer@frametopskip=\skip45
\beamer@framebottomskip=\skip46
\beamer@frametopskipautobreak=\skip47
\beamer@framebottomskipautobreak=\skip48
\beamer@envbody=\toks27
\framewidth=\dimen169
\c@framenumber=\count137
)
(/usr/local/texlive/2017/texmf-dist/tex/latex/beamer/beamerbaseverbatim.sty
\beamer@verbatimfileout=\write4
)
(/usr/local/texlive/2017/texmf-dist/tex/latex/beamer/beamerbaseframesize.sty
\beamer@splitbox=\box43
\beamer@autobreakcount=\count138
\beamer@autobreaklastheight=\dimen170
\beamer@frametitletoks=\toks28
\beamer@framesubtitletoks=\toks29
)
(/usr/local/texlive/2017/texmf-dist/tex/latex/beamer/beamerbaseframecomponents.
sty
\beamer@footins=\box44
) (/usr/local/texlive/2017/texmf-dist/tex/latex/beamer/beamerbasecolor.sty)
(/usr/local/texlive/2017/texmf-dist/tex/latex/beamer/beamerbasenotes.sty
\beamer@frameboxcopy=\box45
)
(/usr/local/texlive/2017/texmf-dist/tex/latex/beamer/beamerbasetoc.sty)
(/usr/local/texlive/2017/texmf-dist/tex/latex/beamer/beamerbasetemplates.sty
\beamer@sbttoks=\toks30

(/usr/local/texlive/2017/texmf-dist/tex/latex/beamer/beamerbaseauxtemplates.sty
(/usr/local/texlive/2017/texmf-dist/tex/latex/beamer/beamerbaseboxes.sty
\bmb@box=\box46
\bmb@colorbox=\box47
\bmb@boxshadow=\box48
\bmb@boxshadowball=\box49
\bmb@boxshadowballlarge=\box50
\bmb@temp=\dimen171
\bmb@dima=\dimen172
\bmb@dimb=\dimen173
\bmb@prevheight=\dimen174
)
\beamer@blockheadheight=\dimen175
))
(/usr/local/texlive/2017/texmf-dist/tex/latex/beamer/beamerbaselocalstructure.s
ty (/usr/local/texlive/2017/texmf-dist/tex/latex/tools/enumerate.sty
Package: enumerate 2015/07/23 v3.00 enumerate extensions (DPC)
\@enLab=\toks31
)
\c@figure=\count139
\c@table=\count140
\abovecaptionskip=\skip49
\belowcaptionskip=\skip50
)
(/usr/local/texlive/2017/texmf-dist/tex/latex/beamer/beamerbasenavigation.sty
\beamer@section@min@dim=\dimen176
)
(/usr/local/texlive/2017/texmf-dist/tex/latex/beamer/beamerbasetheorems.sty
(/usr/local/texlive/2017/texmf-dist/tex/latex/amsmath/amsmath.sty
Package: amsmath 2016/11/05 v2.16a AMS math features
\@mathmargin=\skip51

For additional information on amsmath, use the `?' option.
(/usr/local/texlive/2017/texmf-dist/tex/latex/amsmath/amstext.sty
Package: amstext 2000/06/29 v2.01 AMS text

(/usr/local/texlive/2017/texmf-dist/tex/latex/amsmath/amsgen.sty
File: amsgen.sty 1999/11/30 v2.0 generic functions
\@emptytoks=\toks32
\ex@=\dimen177
))
(/usr/local/texlive/2017/texmf-dist/tex/latex/amsmath/amsbsy.sty
Package: amsbsy 1999/11/29 v1.2d Bold Symbols
\pmbraise@=\dimen178
)
(/usr/local/texlive/2017/texmf-dist/tex/latex/amsmath/amsopn.sty
Package: amsopn 2016/03/08 v2.02 operator names
)
\inf@bad=\count141
LaTeX Info: Redefining \frac on input line 213.
\uproot@=\count142
\leftroot@=\count143
LaTeX Info: Redefining \overline on input line 375.
\classnum@=\count144
\DOTSCASE@=\count145
LaTeX Info: Redefining \ldots on input line 472.
LaTeX Info: Redefining \dots on input line 475.
LaTeX Info: Redefining \cdots on input line 596.
\Mathstrutbox@=\box51
\strutbox@=\box52
\big@size=\dimen179
LaTeX Font Info:    Redeclaring font encoding OML on input line 712.
LaTeX Font Info:    Redeclaring font encoding OMS on input line 713.
\macc@depth=\count146
\c@MaxMatrixCols=\count147
\dotsspace@=\muskip11
\c@parentequation=\count148
\dspbrk@lvl=\count149
\tag@help=\toks33
\row@=\count150
\column@=\count151
\maxfields@=\count152
\andhelp@=\toks34
\eqnshift@=\dimen180
\alignsep@=\dimen181
\tagshift@=\dimen182
\tagwidth@=\dimen183
\totwidth@=\dimen184
\lineht@=\dimen185
\@envbody=\toks35
\multlinegap=\skip52
\multlinetaggap=\skip53
\mathdisplay@stack=\toks36
LaTeX Info: Redefining \[ on input line 2817.
LaTeX Info: Redefining \] on input line 2818.
)
(/usr/local/texlive/2017/texmf-dist/tex/latex/amscls/amsthm.sty
Package: amsthm 2015/03/04 v2.20.2
\thm@style=\toks37
\thm@bodyfont=\toks38
\thm@headfont=\toks39
\thm@notefont=\toks40
\thm@headpunct=\toks41
\thm@preskip=\skip54
\thm@postskip=\skip55
\thm@headsep=\skip56
\dth@everypar=\toks42
)
\c@theorem=\count153
)
(/usr/local/texlive/2017/texmf-dist/tex/latex/beamer/beamerbasethemes.sty))
(/usr/local/texlive/2017/texmf-dist/tex/latex/beamer/themes/theme/beamerthemede
fault.sty
(/usr/local/texlive/2017/texmf-dist/tex/latex/beamer/themes/font/beamerfontthem
edefault.sty)
(/usr/local/texlive/2017/texmf-dist/tex/latex/beamer/themes/color/beamercolorth
emedefault.sty)
(/usr/local/texlive/2017/texmf-dist/tex/latex/beamer/themes/inner/beamerinnerth
emedefault.sty
\beamer@dima=\dimen186
\beamer@dimb=\dimen187
)
(/usr/local/texlive/2017/texmf-dist/tex/latex/beamer/themes/outer/beamerouterth
emedefault.sty))) (./beamerthemeAmsterdam.sty
(/usr/local/texlive/2017/texmf-dist/tex/latex/beamer/themes/outer/beamerouterth
ememiniframes.sty)
(/usr/local/texlive/2017/texmf-dist/tex/latex/beamer/themes/inner/beamerinnerth
emecircles.sty)
(/usr/local/texlive/2017/texmf-dist/tex/latex/beamer/themes/color/beamercolorth
emewhale.sty)
(/usr/local/texlive/2017/texmf-dist/tex/latex/beamer/themes/color/beamercolorth
emeorchid.sty))
(/usr/local/texlive/2017/texmf-dist/tex/latex/adjustbox/adjustbox.sty
Package: adjustbox 2012/05/21 v1.0 Adjusting TeX boxes (trim, clip, ...)

(/usr/local/texlive/2017/texmf-dist/tex/latex/xkeyval/xkeyval.sty
Package: xkeyval 2014/12/03 v2.7a package option processing (HA)

(/usr/local/texlive/2017/texmf-dist/tex/generic/xkeyval/xkeyval.tex
(/usr/local/texlive/2017/texmf-dist/tex/generic/xkeyval/xkvutils.tex
\XKV@toks=\toks43
\XKV@tempa@toks=\toks44
)
\XKV@depth=\count154
File: xkeyval.tex 2014/12/03 v2.7a key=value parser (HA)
))
(/usr/local/texlive/2017/texmf-dist/tex/latex/adjustbox/adjcalc.sty
Package: adjcalc 2012/05/16 v1.1 Provides advanced setlength with multiple back
-ends (calc, etex, pgfmath)
)
(/usr/local/texlive/2017/texmf-dist/tex/latex/adjustbox/trimclip.sty
Package: trimclip 2012/05/16 v1.0 Trim and clip general TeX material

(/usr/local/texlive/2017/texmf-dist/tex/latex/collectbox/collectbox.sty
Package: collectbox 2012/05/17 v0.4b Collect macro arguments as boxes
\collectedbox=\box53
)
\tc@llx=\dimen188
\tc@lly=\dimen189
\tc@urx=\dimen190
\tc@ury=\dimen191
Package trimclip Info: Using driver 'tc-pdftex.def'.

(/usr/local/texlive/2017/texmf-dist/tex/latex/adjustbox/tc-pdftex.def
File: tc-pdftex.def 2012/05/13 v1.0 Clipping driver for pdftex
))
\adjbox@Width=\dimen192
\adjbox@Height=\dimen193
\adjbox@Depth=\dimen194
\adjbox@Totalheight=\dimen195

(/usr/local/texlive/2017/texmf-dist/tex/latex/ifoddpage/ifoddpage.sty
Package: ifoddpage 2016/04/23 v1.1 Conditionals for odd/even page detection
\c@checkoddpage=\count155
)
(/usr/local/texlive/2017/texmf-dist/tex/latex/varwidth/varwidth.sty
Package: varwidth 2009/03/30 ver 0.92;  Variable-width minipages
\@vwid@box=\box54
\sift@deathcycles=\count156
\@vwid@loff=\dimen196
\@vwid@roff=\dimen197
))
(/usr/local/texlive/2017/texmf-dist/tex/latex/subfig/subfig.sty
Package: subfig 2005/06/28 ver: 1.3 subfig package

(/usr/local/texlive/2017/texmf-dist/tex/latex/caption/caption.sty
Package: caption 2016/02/21 v3.3-144 Customizing captions (AR)

(/usr/local/texlive/2017/texmf-dist/tex/latex/caption/caption3.sty
Package: caption3 2016/05/22 v1.7-166 caption3 kernel (AR)
Package caption3 Info: TeX engine: e-TeX on input line 67.
\captionmargin=\dimen198
\captionmargin@=\dimen199
\captionwidth=\dimen256
\caption@tempdima=\dimen257
\caption@indent=\dimen258
\caption@parindent=\dimen259
\caption@hangindent=\dimen260
)
\c@ContinuedFloat=\count157
Package caption Info: beamer document class.
Package caption Info: hyperref package is loaded.
Package caption Info: Hyperref support is turned off
(caption)             because hyperref has stopped early.
)
\c@KVtest=\count158
\sf@farskip=\skip57
\sf@captopadj=\dimen261
\sf@capskip=\skip58
\sf@nearskip=\skip59
\c@subfigure=\count159
\c@subfigure@save=\count160
\c@depth=\count161
\c@subtable=\count162
\c@subtable@save=\count163
\sf@top=\skip60
\sf@bottom=\skip61
)
(/usr/local/texlive/2017/texmf-dist/tex/latex/siunitx/siunitx.sty
(/usr/local/texlive/2017/texmf-dist/tex/latex/l3kernel/expl3.sty
Package: expl3 2017/05/13 L3 programming layer (loader) 

(/usr/local/texlive/2017/texmf-dist/tex/latex/l3kernel/expl3-code.tex
Package: expl3 2017/05/13 L3 programming layer (code)
\c_max_int=\count164
\l_tmpa_int=\count165
\l_tmpb_int=\count166
\g_tmpa_int=\count167
\g_tmpb_int=\count168
\g__prg_map_int=\count169
\c_log_iow=\count170
\l_iow_line_count_int=\count171
\l__iow_line_target_int=\count172
\l__iow_one_indent_int=\count173
\l__iow_indent_int=\count174
\c_zero_dim=\dimen262
\c_max_dim=\dimen263
\l_tmpa_dim=\dimen264
\l_tmpb_dim=\dimen265
\g_tmpa_dim=\dimen266
\g_tmpb_dim=\dimen267
\c_zero_skip=\skip62
\c_max_skip=\skip63
\l_tmpa_skip=\skip64
\l_tmpb_skip=\skip65
\g_tmpa_skip=\skip66
\g_tmpb_skip=\skip67
\c_zero_muskip=\muskip12
\c_max_muskip=\muskip13
\l_tmpa_muskip=\muskip14
\l_tmpb_muskip=\muskip15
\g_tmpa_muskip=\muskip16
\g_tmpb_muskip=\muskip17
\l_keys_choice_int=\count175
\c__fp_leading_shift_int=\count176
\c__fp_middle_shift_int=\count177
\c__fp_trailing_shift_int=\count178
\c__fp_big_leading_shift_int=\count179
\c__fp_big_middle_shift_int=\count180
\c__fp_big_trailing_shift_int=\count181
\c__fp_Bigg_leading_shift_int=\count182
\c__fp_Bigg_middle_shift_int=\count183
\c__fp_Bigg_trailing_shift_int=\count184
\c__fp_rand_size_int=\count185
\c__fp_rand_four_int=\count186
\c__fp_rand_eight_int=\count187
\l__sort_length_int=\count188
\l__sort_min_int=\count189
\l__sort_top_int=\count190
\l__sort_max_int=\count191
\l__sort_true_max_int=\count192
\l__sort_block_int=\count193
\l__sort_begin_int=\count194
\l__sort_end_int=\count195
\l__sort_A_int=\count196
\l__sort_B_int=\count197
\l__sort_C_int=\count198
\c_empty_box=\box55
\l_tmpa_box=\box56
\l_tmpb_box=\box57
\g_tmpa_box=\box58
\g_tmpb_box=\box59
\l__box_top_dim=\dimen268
\l__box_bottom_dim=\dimen269
\l__box_left_dim=\dimen270
\l__box_right_dim=\dimen271
\l__box_top_new_dim=\dimen272
\l__box_bottom_new_dim=\dimen273
\l__box_left_new_dim=\dimen274
\l__box_right_new_dim=\dimen275
\l__box_internal_box=\box60
\l__coffin_internal_box=\box61
\l__coffin_internal_dim=\dimen276
\l__coffin_offset_x_dim=\dimen277
\l__coffin_offset_y_dim=\dimen278
\l__coffin_x_dim=\dimen279
\l__coffin_y_dim=\dimen280
\l__coffin_x_prime_dim=\dimen281
\l__coffin_y_prime_dim=\dimen282
\c_empty_coffin=\box62
\l__coffin_aligned_coffin=\box63
\l__coffin_aligned_internal_coffin=\box64
\l_tmpa_coffin=\box65
\l_tmpb_coffin=\box66
\l__coffin_display_coffin=\box67
\l__coffin_display_coord_coffin=\box68
\l__coffin_display_pole_coffin=\box69
\l__coffin_display_offset_dim=\dimen283
\l__coffin_display_x_dim=\dimen284
\l__coffin_display_y_dim=\dimen285
\l__coffin_bounding_shift_dim=\dimen286
\l__coffin_left_corner_dim=\dimen287
\l__coffin_right_corner_dim=\dimen288
\l__coffin_bottom_corner_dim=\dimen289
\l__coffin_top_corner_dim=\dimen290
\l__coffin_scaled_total_height_dim=\dimen291
\l__coffin_scaled_width_dim=\dimen292
)
(/usr/local/texlive/2017/texmf-dist/tex/latex/l3kernel/l3pdfmode.def
File: l3pdfmode.def 2017/03/18 v L3 Experimental driver: PDF mode
\l__driver_color_stack_int=\count199
\l__driver_tmp_box=\box70
))
(/usr/local/texlive/2017/texmf-dist/tex/latex/l3packages/xparse/xparse.sty
Package: xparse 2017/05/13 L3 Experimental document command parser
\l__xparse_current_arg_int=\count266
\g__xparse_grabber_int=\count267
\l__xparse_m_args_int=\count268
\l__xparse_mandatory_args_int=\count269
\l__xparse_v_nesting_int=\count270
)
Package: siunitx 2017/05/19 v2.7g A comprehensive (SI) units package

(/usr/local/texlive/2017/texmf-dist/tex/latex/tools/array.sty
Package: array 2016/10/06 v2.4d Tabular extension package (FMi)
\col@sep=\dimen293
\extrarowheight=\dimen294
\NC@list=\toks45
\extratabsurround=\skip68
\backup@length=\skip69
)
(/usr/local/texlive/2017/texmf-dist/tex/latex/l3packages/l3keys2e/l3keys2e.sty
Package: l3keys2e 2017/05/13 LaTeX2e option processing using LaTeX3 keys
)
\l__siunitx_tmp_box=\box71
\l__siunitx_tmp_dim=\dimen295
\l__siunitx_tmp_int=\count271
\l__siunitx_number_mantissa_length_int=\count272
\l__siunitx_number_uncert_length_int=\count273
\l__siunitx_round_int=\count274
\l__siunitx_process_decimal_int=\count275
\l__siunitx_process_uncertainty_int=\count276
\l__siunitx_process_fixed_int=\count277
\l__siunitx_process_integer_min_int=\count278
\l__siunitx_process_precision_int=\count279
\l__siunitx_group_min_int=\count280
\l__siunitx_angle_marker_box=\box72
\l__siunitx_angle_unit_box=\box73
\l__siunitx_angle_marker_dim=\dimen296
\l__siunitx_angle_unit_dim=\dimen297
\l__siunitx_unit_int=\count281
\l__siunitx_unit_denominator_int=\count282
\l__siunitx_unit_numerator_int=\count283
\l__siunitx_unit_prefix_int=\count284
\l__siunitx_unit_prefix_base_int=\count285
\l__siunitx_unit_prefix_gram_int=\count286
\l__siunitx_number_product_int=\count287
\c__siunitx_one_fill_skip=\skip70
\l__siunitx_table_unit_align_skip=\skip71
\l__siunitx_table_exponent_dim=\dimen298
\l__siunitx_table_integer_dim=\dimen299
\l__siunitx_table_mantissa_dim=\dimen300
\l__siunitx_table_marker_dim=\dimen301
\l__siunitx_table_result_dim=\dimen302
\l__siunitx_table_uncert_dim=\dimen303
\l__siunitx_table_fill_pre_dim=\dimen304
\l__siunitx_table_fill_post_dim=\dimen305
\l__siunitx_table_fill_mid_dim=\dimen306
\l__siunitx_table_pre_box=\box74
\l__siunitx_table_post_box=\box75
\l__siunitx_table_mantissa_box=\box76
\l__siunitx_table_result_box=\box77
\l__siunitx_table_number_align_skip=\skip72
\l__siunitx_table_text_align_skip=\skip73
.................................................
. LaTeX info: "xparse/define-command"
. 
. Defining command \DeclareBinaryPrefix with sig. 'mmm' on line 7251.
.................................................
.................................................
. LaTeX info: "xparse/define-command"
. 
. Defining command \DeclareSIPostPower with sig. 'mm' on line 7254.
.................................................
.................................................
. LaTeX info: "xparse/define-command"
. 
. Defining command \DeclareSIPrefix with sig. 'mmm' on line 7257.
.................................................
.................................................
. LaTeX info: "xparse/define-command"
. 
. Defining command \DeclareSIPrePower with sig. 'mm' on line 7260.
.................................................
.................................................
. LaTeX info: "xparse/define-command"
. 
. Defining command \DeclareSIQualifier with sig. 'mm' on line 7263.
.................................................
.................................................
. LaTeX info: "xparse/define-command"
. 
. Defining command \DeclareSIUnit with sig. 'O{}mm' on line 7266.
.................................................
.................................................
. LaTeX info: "xparse/define-command"
. 
. Defining command \DeclareSIUnitWithOptions with sig. 'mmm' on line 7269.
.................................................
.................................................
. LaTeX info: "xparse/define-command"
. 
. Defining command \ang with sig. 'o>{\SplitArgument {2}{;}}m' on line 7284.
.................................................
.................................................
. LaTeX info: "xparse/define-command"
. 
. Defining command \num with sig. 'om' on line 7293.
.................................................
.................................................
. LaTeX info: "xparse/define-command"
. 
. Defining command \numlist with sig. 'o>{\SplitList {;}}m' on line 7302.
.................................................
.................................................
. LaTeX info: "xparse/define-command"
. 
. Defining command \numrange with sig. 'omm' on line 7311.
.................................................
.................................................
. LaTeX info: "xparse/define-command"
. 
. Defining command \SIlist with sig. 'o>{\SplitList {;}}mm' on line 7323.
.................................................
.................................................
. LaTeX info: "xparse/define-command"
. 
. Defining command \SIrange with sig. 'ommm' on line 7335.
.................................................
.................................................
. LaTeX info: "xparse/define-command"
. 
. Defining command \SI with sig. 'omom' on line 7347.
.................................................
.................................................
. LaTeX info: "xparse/define-command"
. 
. Defining command \sisetup with sig. 'm' on line 7350.
.................................................
.................................................
. LaTeX info: "xparse/define-command"
. 
. Defining command \tablenum with sig. 'om' on line 7365.
.................................................
.................................................
. LaTeX info: "xparse/define-command"
. 
. Defining command \si with sig. 'om' on line 7377.
.................................................
.................................................
. LaTeX info: "xparse/define-command"
. 
. Defining command \numInBookmark with sig. 'om' on line 7424.
.................................................
.................................................
. LaTeX info: "xparse/define-command"
. 
. Defining command \numrangeInBookmark with sig. 'omm' on line 7426.
.................................................
.................................................
. LaTeX info: "xparse/define-command"
. 
. Defining command \SIInBookmark with sig. 'omom' on line 7428.
.................................................
.................................................
. LaTeX info: "xparse/define-command"
. 
. Defining command \SIlistInBookmark with sig. 'omm' on line 7430.
.................................................
.................................................
. LaTeX info: "xparse/define-command"
. 
. Defining command \SIrangeInBookmark with sig. 'ommm' on line 7432.
.................................................
.................................................
. LaTeX info: "xparse/define-command"
. 
. Defining command \siInBookmark with sig. 'om' on line 7433.
.................................................
\g__file_internal_ior=\read2
) (/usr/local/texlive/2017/texmf-dist/tex/latex/tools/longtable.sty
Package: longtable 2014/10/28 v4.11 Multi-page Table package (DPC)
\LTleft=\skip74
\LTright=\skip75
\LTpre=\skip76
\LTpost=\skip77
\LTchunksize=\count288
\LTcapwidth=\dimen307
\LT@head=\box78
\LT@firsthead=\box79
\LT@foot=\box80
\LT@lastfoot=\box81
\LT@cols=\count289
\LT@rows=\count290
\c@LT@tables=\count291
\c@LT@chunks=\count292
\LT@p@ftn=\toks46
)
(./masters_defence.aux)
\openout1 = `masters_defence.aux'.

LaTeX Font Info:    Checking defaults for OML/cmm/m/it on input line 47.
LaTeX Font Info:    ... okay on input line 47.
LaTeX Font Info:    Checking defaults for T1/cmr/m/n on input line 47.
LaTeX Font Info:    ... okay on input line 47.
LaTeX Font Info:    Checking defaults for OT1/cmr/m/n on input line 47.
LaTeX Font Info:    ... okay on input line 47.
LaTeX Font Info:    Checking defaults for OMS/cmsy/m/n on input line 47.
LaTeX Font Info:    ... okay on input line 47.
LaTeX Font Info:    Checking defaults for OMX/cmex/m/n on input line 47.
LaTeX Font Info:    ... okay on input line 47.
LaTeX Font Info:    Checking defaults for U/cmr/m/n on input line 47.
LaTeX Font Info:    ... okay on input line 47.
LaTeX Font Info:    Checking defaults for PD1/pdf/m/n on input line 47.
LaTeX Font Info:    ... okay on input line 47.

*geometry* driver: auto-detecting
*geometry* detected driver: pdftex
*geometry* verbose mode - [ preamble ] result:
* driver: pdftex
* paper: custom
* layout: <same size as paper>
* layoutoffset:(h,v)=(0.0pt,0.0pt)
* modes: includehead includefoot 
* h-part:(L,W,R)=(28.45274pt, 307.28987pt, 28.45274pt)
* v-part:(T,H,B)=(0.0pt, 273.14662pt, 0.0pt)
* \paperwidth=364.19536pt
* \paperheight=273.14662pt
* \textwidth=307.28987pt
* \textheight=244.6939pt
* \oddsidemargin=-43.81725pt
* \evensidemargin=-43.81725pt
* \topmargin=-72.26999pt
* \headheight=14.22636pt
* \headsep=0.0pt
* \topskip=11.0pt
* \footskip=14.22636pt
* \marginparwidth=4.0pt
* \marginparsep=10.0pt
* \columnsep=10.0pt
* \skip\footins=10.0pt plus 4.0pt minus 2.0pt
* \hoffset=0.0pt
* \voffset=0.0pt
* \mag=1000
* \@twocolumnfalse
* \@twosidefalse
* \@mparswitchfalse
* \@reversemarginfalse
* (1in=72.27pt=25.4mm, 1cm=28.453pt)

(/usr/local/texlive/2017/texmf-dist/tex/context/base/mkii/supp-pdf.mkii
[Loading MPS to PDF converter (version 2006.09.02).]
\scratchcounter=\count293
\scratchdimen=\dimen308
\scratchbox=\box82
\nofMPsegments=\count294
\nofMParguments=\count295
\everyMPshowfont=\toks47
\MPscratchCnt=\count296
\MPscratchDim=\dimen309
\MPnumerator=\count297
\makeMPintoPDFobject=\count298
\everyMPtoPDFconversion=\toks48
) (/usr/local/texlive/2017/texmf-dist/tex/latex/oberdiek/epstopdf-base.sty
Package: epstopdf-base 2016/05/15 v2.6 Base part for package epstopdf

(/usr/local/texlive/2017/texmf-dist/tex/latex/oberdiek/grfext.sty
Package: grfext 2016/05/16 v1.2 Manage graphics extensions (HO)
)
Package epstopdf-base Info: Redefining graphics rule for `.eps' on input line 4
38.
Package grfext Info: Graphics extension search list:
(grfext)             [.png,.pdf,.jpg,.mps,.jpeg,.jbig2,.jb2,.PNG,.PDF,.JPG,.JPE
G,.JBIG2,.JB2,.eps]
(grfext)             \AppendGraphicsExtensions on input line 456.

(/usr/local/texlive/2017/texmf-dist/tex/latex/latexconfig/epstopdf-sys.cfg
File: epstopdf-sys.cfg 2010/07/13 v1.3 Configuration of (r)epstopdf for TeX Liv
e
))
ABD: EveryShipout initializing macros
\AtBeginShipoutBox=\box83
Package hyperref Info: Link coloring OFF on input line 47.

(/usr/local/texlive/2017/texmf-dist/tex/latex/hyperref/nameref.sty
Package: nameref 2016/05/21 v2.44 Cross-referencing by name of section

(/usr/local/texlive/2017/texmf-dist/tex/generic/oberdiek/gettitlestring.sty
Package: gettitlestring 2016/05/16 v1.5 Cleanup title references (HO)
)
\c@section@level=\count299
)
LaTeX Info: Redefining \ref on input line 47.
LaTeX Info: Redefining \pageref on input line 47.
LaTeX Info: Redefining \nameref on input line 47.

(./masters_defence.out) (./masters_defence.out)
\@outlinefile=\write5
\openout5 = `masters_defence.out'.

LaTeX Font Info:    Overwriting symbol font `operators' in version `normal'
(Font)                  OT1/cmr/m/n --> OT1/cmss/m/n on input line 47.
LaTeX Font Info:    Overwriting symbol font `operators' in version `bold'
(Font)                  OT1/cmr/bx/n --> OT1/cmss/bx/n on input line 47.
\symnumbers=\mathgroup6
\sympureletters=\mathgroup7
LaTeX Font Info:    Overwriting math alphabet `\mathrm' in version `normal'
(Font)                  OT1/cmss/m/n --> OT1/cmr/m/n on input line 47.
LaTeX Font Info:    Redeclaring math alphabet \mathbf on input line 47.
LaTeX Font Info:    Overwriting math alphabet `\mathbf' in version `normal'
(Font)                  OT1/cmr/bx/n --> OT1/cmss/bx/n on input line 47.
LaTeX Font Info:    Overwriting math alphabet `\mathbf' in version `bold'
(Font)                  OT1/cmr/bx/n --> OT1/cmss/bx/n on input line 47.
LaTeX Font Info:    Redeclaring math alphabet \mathsf on input line 47.
LaTeX Font Info:    Overwriting math alphabet `\mathsf' in version `normal'
(Font)                  OT1/cmss/m/n --> OT1/cmss/m/n on input line 47.
LaTeX Font Info:    Overwriting math alphabet `\mathsf' in version `bold'
(Font)                  OT1/cmss/bx/n --> OT1/cmss/m/n on input line 47.
LaTeX Font Info:    Redeclaring math alphabet \mathit on input line 47.
LaTeX Font Info:    Overwriting math alphabet `\mathit' in version `normal'
(Font)                  OT1/cmr/m/it --> OT1/cmss/m/it on input line 47.
LaTeX Font Info:    Overwriting math alphabet `\mathit' in version `bold'
(Font)                  OT1/cmr/bx/it --> OT1/cmss/m/it on input line 47.
LaTeX Font Info:    Redeclaring math alphabet \mathtt on input line 47.
LaTeX Font Info:    Overwriting math alphabet `\mathtt' in version `normal'
(Font)                  OT1/cmtt/m/n --> OT1/cmtt/m/n on input line 47.
LaTeX Font Info:    Overwriting math alphabet `\mathtt' in version `bold'
(Font)                  OT1/cmtt/m/n --> OT1/cmtt/m/n on input line 47.
LaTeX Font Info:    Overwriting symbol font `numbers' in version `bold'
(Font)                  OT1/cmss/m/n --> OT1/cmss/bx/n on input line 47.
LaTeX Font Info:    Overwriting symbol font `pureletters' in version `bold'
(Font)                  OT1/cmss/m/it --> OT1/cmss/bx/it on input line 47.
LaTeX Font Info:    Overwriting math alphabet `\mathrm' in version `bold'
(Font)                  OT1/cmss/bx/n --> OT1/cmr/bx/n on input line 47.
LaTeX Font Info:    Overwriting math alphabet `\mathbf' in version `bold'
(Font)                  OT1/cmss/bx/n --> OT1/cmss/bx/n on input line 47.
LaTeX Font Info:    Overwriting math alphabet `\mathsf' in version `bold'
(Font)                  OT1/cmss/m/n --> OT1/cmss/bx/n on input line 47.
LaTeX Font Info:    Overwriting math alphabet `\mathit' in version `bold'
(Font)                  OT1/cmss/m/it --> OT1/cmss/bx/it on input line 47.
LaTeX Font Info:    Overwriting math alphabet `\mathtt' in version `bold'
(Font)                  OT1/cmtt/m/n --> OT1/cmtt/bx/n on input line 47.
LaTeX Font Info:    Redeclaring symbol font `pureletters' on input line 47.
LaTeX Font Info:    Overwriting symbol font `pureletters' in version `normal'
(Font)                  OT1/cmss/m/it --> OT1/mathkerncmss/m/sl on input line 4
7.
LaTeX Font Info:    Overwriting symbol font `pureletters' in version `bold'
(Font)                  OT1/cmss/bx/it --> OT1/mathkerncmss/m/sl on input line 
47.
LaTeX Font Info:    Overwriting symbol font `pureletters' in version `bold'
(Font)                  OT1/mathkerncmss/m/sl --> OT1/mathkerncmss/bx/sl on inp
ut line 47.

(/usr/local/texlive/2017/texmf-dist/tex/latex/beamer/translator/dicts/translato
r-basic-dictionary/translator-basic-dictionary-English.dict
Dictionary: translator-basic-dictionary, Language: English 
)
(/usr/local/texlive/2017/texmf-dist/tex/latex/beamer/translator/dicts/translato
r-bibliography-dictionary/translator-bibliography-dictionary-English.dict
Dictionary: translator-bibliography-dictionary, Language: English 
)
(/usr/local/texlive/2017/texmf-dist/tex/latex/beamer/translator/dicts/translato
r-environment-dictionary/translator-environment-dictionary-English.dict
Dictionary: translator-environment-dictionary, Language: English 
)
(/usr/local/texlive/2017/texmf-dist/tex/latex/beamer/translator/dicts/translato
r-months-dictionary/translator-months-dictionary-English.dict
Dictionary: translator-months-dictionary, Language: English 
)
(/usr/local/texlive/2017/texmf-dist/tex/latex/beamer/translator/dicts/translato
r-numbers-dictionary/translator-numbers-dictionary-English.dict
Dictionary: translator-numbers-dictionary, Language: English 
)
(/usr/local/texlive/2017/texmf-dist/tex/latex/beamer/translator/dicts/translato
r-theorem-dictionary/translator-theorem-dictionary-English.dict
Dictionary: translator-theorem-dictionary, Language: English 
)
LaTeX Info: Redefining \includegraphics on input line 47.
Package caption Info: Begin \AtBeginDocument code.
Package caption Info: subfig package v1.3 is loaded.
Package caption Info: longtable package is loaded.

(/usr/local/texlive/2017/texmf-dist/tex/latex/caption/ltcaption.sty
Package: ltcaption 2013/06/09 v1.4-94 longtable captions (AR)
)
Package caption Info: End \AtBeginDocument code.

(/usr/local/texlive/2017/texmf-dist/tex/latex/siunitx/siunitx-abbreviations.cfg
File: siunitx-abbreviations.cfg 2017/05/19 v2.7g siunitx: Abbreviated units
) (./masters_defence.nav)
\c__siunitx_mathsf_int=\count300
LaTeX Font Info:    Try loading font information for U+msa on input line 47.

(/usr/local/texlive/2017/texmf-dist/tex/latex/amsfonts/umsa.fd
File: umsa.fd 2013/01/14 v3.01 AMS symbols A
)
LaTeX Font Info:    Try loading font information for U+msb on input line 47.

(/usr/local/texlive/2017/texmf-dist/tex/latex/amsfonts/umsb.fd
File: umsb.fd 2013/01/14 v3.01 AMS symbols B
)
LaTeX Font Info:    Try loading font information for OT1+mathkerncmss on input 
line 47.

(/usr/local/texlive/2017/texmf-dist/tex/latex/sansmathaccent/ot1mathkerncmss.fd
File: ot1mathkerncmss.fd 2013/03/27 Fontinst v1.933 font definitions for OT1/ma
thkerncmss.
)
\c__siunitx_mathtt_int=\count301


LaTeX Font Warning: Font shape `OT1/cmss/m/n' in size <4> not available
(Font)              size <5> substituted on input line 49.

[1{/usr/local/texlive/2017/texmf-var/fonts/map/pdftex/updmap/pdftex.map}

]
(./masters_defence.toc) [2

] (./masters_defence.toc) [3

]
</Users/evayap/Documents/job_application/marra_presentation/figures/cancer_stat
s.png, id=184, 529.98pt x 392.46625pt>
File: /Users/evayap/Documents/job_application/marra_presentation/figures/cancer
_stats.png Graphic file (type png)

<use /Users/evayap/Documents/job_application/marra_presentation/figures/cancer_
stats.png>
Package pdftex.def Info: /Users/evayap/Documents/job_application/marra_presenta
tion/figures/cancer_stats.png used on input line 82.
(pdftex.def)             Requested size: 211.98824pt x 156.9837pt.
 [4

 </Users/evayap/Documents/job_application/marra_presentation/figures/cancer_sta
ts.png>]
File: /Users/evayap/Documents/job_application/marra_presentation/figures/cancer
_stats.png Graphic file (type png)

<use /Users/evayap/Documents/job_application/marra_presentation/figures/cancer_
stats.png>
Package pdftex.def Info: /Users/evayap/Documents/job_application/marra_presenta
tion/figures/cancer_stats.png used on input line 82.
(pdftex.def)             Requested size: 211.98824pt x 156.9837pt.
 [5

]
</Users/evayap/Documents/job_application/marra_presentation/figures/genomic_can
cer_medicine.png, id=251, 1349.04pt x 578.16pt>
File: /Users/evayap/Documents/job_application/marra_presentation/figures/genomi
c_cancer_medicine.png Graphic file (type png)

<use /Users/evayap/Documents/job_application/marra_presentation/figures/genomic
_cancer_medicine.png>
Package pdftex.def Info: /Users/evayap/Documents/job_application/marra_presenta
tion/figures/genomic_cancer_medicine.png used on input line 93.
(pdftex.def)             Requested size: 323.77621pt x 138.76123pt.

Overfull \hbox (16.48634pt too wide) in paragraph at lines 93--93
 [] 
 []

[6

 </Users/evayap/Documents/job_application/marra_presentation/figures/genomic_ca
ncer_medicine.png (PNG copy)>]
</Users/evayap/Documents/job_application/marra_presentation/figures/oncopanel_a
mplicon_seq.png, id=286, 1098.1025pt x 202.7575pt>
File: /Users/evayap/Documents/job_application/marra_presentation/figures/oncopa
nel_amplicon_seq.png Graphic file (type png)

<use /Users/evayap/Documents/job_application/marra_presentation/figures/oncopan
el_amplicon_seq.png>
Package pdftex.def Info: /Users/evayap/Documents/job_application/marra_presenta
tion/figures/oncopanel_amplicon_seq.png used on input line 105.
(pdftex.def)             Requested size: 285.49991pt x 52.7157pt.
 [7

 </Users/evayap/Documents/job_application/marra_presentation/figures/oncopanel_
amplicon_seq.png>]
<./figures/germline_importance2.png, id=323, 1121.18875pt x 410.53375pt>
File: ./figures/germline_importance2.png Graphic file (type png)

<use ./figures/germline_importance2.png>
Package pdftex.def Info: ./figures/germline_importance2.png used on input line 
112.
(pdftex.def)             Requested size: 313.93071pt x 114.94865pt.

Overfull \hbox (6.64084pt too wide) in paragraph at lines 112--112
 [] 
 []

[8

 <./figures/germline_importance2.png>]
</Users/evayap/Documents/masters_thesis/presentation/TFL_WIP/plots/ugt1a1.png, 
id=358, 602.25pt x 409.53pt>
File: /Users/evayap/Documents/masters_thesis/presentation/TFL_WIP/plots/ugt1a1.
png Graphic file (type png)

<use /Users/evayap/Documents/masters_thesis/presentation/TFL_WIP/plots/ugt1a1.p
ng>
Package pdftex.def Info: /Users/evayap/Documents/masters_thesis/presentation/TF
L_WIP/plots/ugt1a1.png used on input line 120.
(pdftex.def)             Requested size: 252.94327pt x 172.00142pt.
 [9

 </Users/evayap/Documents/masters_thesis/presentation/TFL_WIP/plots/ugt1a1.png>
]
File: ./figures/germline_importance2.png Graphic file (type png)
 <use ./figures/germline_importance2.png>
Package pdftex.def Info: ./figures/germline_importance2.png used on input line 
129.
(pdftex.def)             Requested size: 313.93071pt x 114.94865pt.

Overfull \hbox (6.64084pt too wide) in paragraph at lines 129--129
 [] 
 []

[10

]
<./figures/opportunity_clinical_sequencing1a.png, id=427, 1541.76pt x 1037.8775
pt>
File: ./figures/opportunity_clinical_sequencing1a.png Graphic file (type png)
 <use ./figures/opportunity_clinical_sequencing1a.png>
Package pdftex.def Info: ./figures/opportunity_clinical_sequencing1a.png used o
n input line 137.
(pdftex.def)             Requested size: 308.34654pt x 207.57182pt.

Overfull \hbox (1.05667pt too wide) in paragraph at lines 137--137
 [] 
 []


Overfull \vbox (19.16028pt too high) detected at line 137
 []

[11

 <./figures/opportunity_clinical_sequencing1a.png>]
<./figures/opportunity_clinical_sequencing2a.png, id=462, 1541.76pt x 1037.8775
pt>
File: ./figures/opportunity_clinical_sequencing2a.png Graphic file (type png)
 <use ./figures/opportunity_clinical_sequencing2a.png>
Package pdftex.def Info: ./figures/opportunity_clinical_sequencing2a.png used o
n input line 145.
(pdftex.def)             Requested size: 308.34654pt x 207.57182pt.

Overfull \hbox (1.05667pt too wide) in paragraph at lines 145--145
 [] 
 []


Overfull \vbox (19.16028pt too high) detected at line 145
 []

[12

 <./figures/opportunity_clinical_sequencing2a.png>]
<./figures/opportunity_clinical_sequencing3a.png, id=498, 1541.76pt x 1038.8812
6pt>
File: ./figures/opportunity_clinical_sequencing3a.png Graphic file (type png)
 <use ./figures/opportunity_clinical_sequencing3a.png>
Package pdftex.def Info: ./figures/opportunity_clinical_sequencing3a.png used o
n input line 153.
(pdftex.def)             Requested size: 308.34654pt x 207.77257pt.

Overfull \hbox (1.05667pt too wide) in paragraph at lines 153--153
 [] 
 []


Overfull \vbox (19.36102pt too high) detected at line 153
 []

[13

 <./figures/opportunity_clinical_sequencing3a.png>]
<./figures/opportunity_clinical_sequencing4a.png, id=534, 1541.76pt x 1038.8812
6pt>
File: ./figures/opportunity_clinical_sequencing4a.png Graphic file (type png)
 <use ./figures/opportunity_clinical_sequencing4a.png>
Package pdftex.def Info: ./figures/opportunity_clinical_sequencing4a.png used o
n input line 161.
(pdftex.def)             Requested size: 308.34654pt x 207.77257pt.

Overfull \hbox (1.05667pt too wide) in paragraph at lines 161--161
 [] 
 []


Overfull \vbox (19.36102pt too high) detected at line 161
 []

[14

 <./figures/opportunity_clinical_sequencing4a.png>]
<./figures/opportunity_clinical_sequencing5a.png, id=569, 1541.76pt x 1037.8775
pt>
File: ./figures/opportunity_clinical_sequencing5a.png Graphic file (type png)
 <use ./figures/opportunity_clinical_sequencing5a.png>
Package pdftex.def Info: ./figures/opportunity_clinical_sequencing5a.png used o
n input line 169.
(pdftex.def)             Requested size: 308.34654pt x 207.57182pt.

Overfull \hbox (1.05667pt too wide) in paragraph at lines 169--169
 [] 
 []


Overfull \vbox (19.16028pt too high) detected at line 169
 []

[15

 <./figures/opportunity_clinical_sequencing5a.png>]
</Users/evayap/Documents/job_application/marra_presentation/figures/ffpe_artifa
cts_review.png, id=605, 963.6pt x 255.95625pt>
File: /Users/evayap/Documents/job_application/marra_presentation/figures/ffpe_a
rtifacts_review.png Graphic file (type png)

<use /Users/evayap/Documents/job_application/marra_presentation/figures/ffpe_ar
tifacts_review.png>
Package pdftex.def Info: /Users/evayap/Documents/job_application/marra_presenta
tion/figures/ffpe_artifacts_review.png used on input line 183.
(pdftex.def)             Requested size: 289.08223pt x 76.78746pt.
LaTeX Font Info:    Try loading font information for OMS+cmss on input line 183
.
LaTeX Font Info:    No file OMScmss.fd. on input line 183.


LaTeX Font Warning: Font shape `OMS/cmss/m/n' undefined
(Font)              using `OMS/cmsy/m/n' instead
(Font)              for symbol `textbullet' on input line 183.

[16

 </Users/evayap/Documents/job_application/marra_presentation/figures/ffpe_artif
acts_review.png>]
File: /Users/evayap/Documents/job_application/marra_presentation/figures/ffpe_a
rtifacts_review.png Graphic file (type png)

<use /Users/evayap/Documents/job_application/marra_presentation/figures/ffpe_ar
tifacts_review.png>
Package pdftex.def Info: /Users/evayap/Documents/job_application/marra_presenta
tion/figures/ffpe_artifacts_review.png used on input line 183.
(pdftex.def)             Requested size: 289.08223pt x 76.78746pt.
 [17

]
</Users/evayap/Documents/job_application/marra_presentation/figures/distinguish
ing_somatic_germline_tumour.png, id=676, 606.265pt x 341.275pt>
File: /Users/evayap/Documents/job_application/marra_presentation/figures/distin
guishing_somatic_germline_tumour.png Graphic file (type png)

<use /Users/evayap/Documents/job_application/marra_presentation/figures/disting
uishing_somatic_germline_tumour.png>
Package pdftex.def Info: /Users/evayap/Documents/job_application/marra_presenta
tion/figures/distinguishing_somatic_germline_tumour.png used on input line 191.

(pdftex.def)             Requested size: 212.19592pt x 119.44803pt.
 [18

 </Users/evayap/Documents/job_application/marra_presentation/figures/distinguis
hing_somatic_germline_tumour.png>]
</Users/evayap/Documents/job_application/marra_presentation/figures/distinguish
ing_somatic_germline_jones1.png, id=712, 920.43875pt x 372.39125pt>
File: /Users/evayap/Documents/job_application/marra_presentation/figures/distin
guishing_somatic_germline_jones1.png Graphic file (type png)

<use /Users/evayap/Documents/job_application/marra_presentation/figures/disting
uishing_somatic_germline_jones1.png>
Package pdftex.def Info: /Users/evayap/Documents/job_application/marra_presenta
tion/figures/distinguishing_somatic_germline_jones1.png used on input line 200.

(pdftex.def)             Requested size: 322.15839pt x 130.33888pt.

Overfull \hbox (14.86852pt too wide) in paragraph at lines 200--200
 [] 
 []

[19

 </Users/evayap/Documents/job_application/marra_presentation/figures/distinguis
hing_somatic_germline_jones1.png>]
</Users/evayap/Documents/job_application/marra_presentation/figures/distinguish
ing_somatic_germline_jones2.png, id=748, 920.43875pt x 372.39125pt>
File: /Users/evayap/Documents/job_application/marra_presentation/figures/distin
guishing_somatic_germline_jones2.png Graphic file (type png)

<use /Users/evayap/Documents/job_application/marra_presentation/figures/disting
uishing_somatic_germline_jones2.png>
Package pdftex.def Info: /Users/evayap/Documents/job_application/marra_presenta
tion/figures/distinguishing_somatic_germline_jones2.png used on input line 212.

(pdftex.def)             Requested size: 322.15839pt x 130.33888pt.

Overfull \hbox (14.86852pt too wide) in paragraph at lines 212--212
 [] 
 []

[20

 </Users/evayap/Documents/job_application/marra_presentation/figures/distinguis
hing_somatic_germline_jones2.png>]
File: /Users/evayap/Documents/job_application/marra_presentation/figures/distin
guishing_somatic_germline_jones2.png Graphic file (type png)

<use /Users/evayap/Documents/job_application/marra_presentation/figures/disting
uishing_somatic_germline_jones2.png>
Package pdftex.def Info: /Users/evayap/Documents/job_application/marra_presenta
tion/figures/distinguishing_somatic_germline_jones2.png used on input line 212.

(pdftex.def)             Requested size: 322.15839pt x 130.33888pt.

Overfull \hbox (14.86852pt too wide) in paragraph at lines 212--212
 [] 
 []

[21

] (./masters_defence.toc) [22

]
<./figures/opportunity_clinical_sequencing_research_question.png, id=860, 766.8
65pt x 796.9775pt>
File: ./figures/opportunity_clinical_sequencing_research_question.png Graphic f
ile (type png)

<use ./figures/opportunity_clinical_sequencing_research_question.png>
Package pdftex.def Info: ./figures/opportunity_clinical_sequencing_research_que
stion.png used on input line 238.
(pdftex.def)             Requested size: 168.71082pt x 175.33559pt.

Overfull \hbox (21.213pt too wide) in paragraph at lines 238--238
 [] 
 []

[23

 <./figures/opportunity_clinical_sequencing_research_question.png>]
File: ./figures/opportunity_clinical_sequencing_research_question.png Graphic f
ile (type png)

<use ./figures/opportunity_clinical_sequencing_research_question.png>
Package pdftex.def Info: ./figures/opportunity_clinical_sequencing_research_que
stion.png used on input line 238.
(pdftex.def)             Requested size: 168.71082pt x 175.33559pt.

Overfull \hbox (21.213pt too wide) in paragraph at lines 238--238
 [] 
 []

[24

]
File: ./figures/opportunity_clinical_sequencing_research_question.png Graphic f
ile (type png)
 <use ./figures/opportunity_clinical_sequencing_research_question.png>
Package pdftex.def Info: ./figures/opportunity_clinical_sequencing_research_que
stion.png used on input line 238.
(pdftex.def)             Requested size: 168.71082pt x 175.33559pt.

Overfull \hbox (21.213pt too wide) in paragraph at lines 238--238
 [] 
 []

[25

] (./masters_defence.toc) [26

] [27

] [28

] [29

] [30

] [31

]
</Users/evayap/Documents/job_application/marra_presentation/figures/study_desig
n_general2.png, id=1174, 770.88pt x 723.70375pt>
File: /Users/evayap/Documents/job_application/marra_presentation/figures/study_
design_general2.png Graphic file (type png)

<use /Users/evayap/Documents/job_application/marra_presentation/figures/study_d
esign_general2.png>
Package pdftex.def Info: /Users/evayap/Documents/job_application/marra_presenta
tion/figures/study_design_general2.png used on input line 267.
(pdftex.def)             Requested size: 215.84492pt x 202.63567pt.
 [32

 </Users/evayap/Documents/job_application/marra_presentation/figures/study_desi
gn_general2.png>] [33

] [34

]
Overfull \hbox (13.10857pt too wide) in paragraph at lines 343--343
 [] 
 []

[35

] (./masters_defence.toc) [36

]
</Users/evayap/Documents/job_application/marra_presentation/figures/study_desig
n_aim1.png, id=1353, 770.88pt x 566.115pt>
File: /Users/evayap/Documents/job_application/marra_presentation/figures/study_
design_aim1.png Graphic file (type png)

<use /Users/evayap/Documents/job_application/marra_presentation/figures/study_d
esign_aim1.png>
Package pdftex.def Info: /Users/evayap/Documents/job_application/marra_presenta
tion/figures/study_design_aim1.png used on input line 355.
(pdftex.def)             Requested size: 192.71953pt x 141.5284pt.
 [37

 </Users/evayap/Documents/job_application/marra_presentation/figures/study_desi
gn_aim1.png>]
</Users/evayap/Documents/job_application/marra_presentation/figures/fragmentati
on_amp_enrichment.png, id=1389, 1037.8775pt x 340.27126pt>
File: /Users/evayap/Documents/job_application/marra_presentation/figures/fragme
ntation_amp_enrichment.png Graphic file (type png)

<use /Users/evayap/Documents/job_application/marra_presentation/figures/fragmen
tation_amp_enrichment.png>
Package pdftex.def Info: /Users/evayap/Documents/job_application/marra_presenta
tion/figures/fragmentation_amp_enrichment.png used on input line 363.
(pdftex.def)             Requested size: 311.36566pt x 102.08215pt.

Overfull \hbox (4.07579pt too wide) in paragraph at lines 363--363
 [] 
 []

[38

 </Users/evayap/Documents/job_application/marra_presentation/figures/fragmentat
ion_amp_enrichment.png>]
</Users/evayap/Documents/job_application/marra_presentation/figures/amplicon_en
richment_xlabel.png, id=1424, 289.5618pt x 231.7458pt>
File: /Users/evayap/Documents/job_application/marra_presentation/figures/amplic
on_enrichment_xlabel.png Graphic file (type png)

<use /Users/evayap/Documents/job_application/marra_presentation/figures/amplico
n_enrichment_xlabel.png>
Package pdftex.def Info: /Users/evayap/Documents/job_application/marra_presenta
tion/figures/amplicon_enrichment_xlabel.png used on input line 381.
(pdftex.def)             Requested size: 188.21292pt x 150.63298pt.
 [39

 </Users/evayap/Documents/job_application/marra_presentation/figures/amplicon_e
nrichment_xlabel.png (PNG copy)>]
</Users/evayap/Documents/masters_thesis/presentation/TFL_WIP/plots/ontarget_ali
gned.png, id=1460, 950.55125pt x 300.12125pt>
File: /Users/evayap/Documents/masters_thesis/presentation/TFL_WIP/plots/ontarge
t_aligned.png Graphic file (type png)

<use /Users/evayap/Documents/masters_thesis/presentation/TFL_WIP/plots/ontarget
_aligned.png>
Package pdftex.def Info: /Users/evayap/Documents/masters_thesis/presentation/TF
L_WIP/plots/ontarget_aligned.png used on input line 389.
(pdftex.def)             Requested size: 304.18262pt x 96.04076pt.
 [40

 </Users/evayap/Documents/masters_thesis/presentation/TFL_WIP/plots/ontarget_al
igned.png>]
</Users/evayap/Documents/masters_thesis/presentation/TFL_WIP/plots/alignment_pc
t.png, id=1495, 347.8596pt x 347.8596pt>
File: /Users/evayap/Documents/masters_thesis/presentation/TFL_WIP/plots/alignme
nt_pct.png Graphic file (type png)

<use /Users/evayap/Documents/masters_thesis/presentation/TFL_WIP/plots/alignmen
t_pct.png>
Package pdftex.def Info: /Users/evayap/Documents/masters_thesis/presentation/TF
L_WIP/plots/alignment_pct.png used on input line 399.
(pdftex.def)             Requested size: 180.88803pt x 180.88803pt.

Overfull \vbox (9.81702pt too high) detected at line 399
 []

[41

 </Users/evayap/Documents/masters_thesis/presentation/TFL_WIP/plots/alignment_p
ct.png>]
</Users/evayap/Documents/job_application/marra_presentation/figures/coverage_un
iformity.png, id=1532, 1059.96pt x 281.05pt>
File: /Users/evayap/Documents/job_application/marra_presentation/figures/covera
ge_uniformity.png Graphic file (type png)

<use /Users/evayap/Documents/job_application/marra_presentation/figures/coverag
e_uniformity.png>
Package pdftex.def Info: /Users/evayap/Documents/job_application/marra_presenta
tion/figures/coverage_uniformity.png used on input line 407.
(pdftex.def)             Requested size: 317.99045pt x 84.31564pt.

Overfull \hbox (10.70058pt too wide) in paragraph at lines 407--407
 [] 
 []

[42

 </Users/evayap/Documents/job_application/marra_presentation/figures/coverage_u
niformity.png>]
<./figures/coverage_stats_defence.png, id=1568, 421.575pt x 344.9688pt>
File: ./figures/coverage_stats_defence.png Graphic file (type png)

<use ./figures/coverage_stats_defence.png>
Package pdftex.def Info: ./figures/coverage_stats_defence.png used on input lin
e 416.
(pdftex.def)             Requested size: 202.3537pt x 165.58313pt.

Overfull \vbox (5.8932pt too high) detected at line 416
 []

[43

 <./figures/coverage_stats_defence.png (PNG copy)>]
</Users/evayap/Documents/masters_thesis/presentation/TFL_WIP/plots/amplicon_fra
gmentation.png, id=1604, 1041.8925pt x 289.08pt>
File: /Users/evayap/Documents/masters_thesis/presentation/TFL_WIP/plots/amplico
n_fragmentation.png Graphic file (type png)

<use /Users/evayap/Documents/masters_thesis/presentation/TFL_WIP/plots/amplicon
_fragmentation.png>
Package pdftex.def Info: /Users/evayap/Documents/masters_thesis/presentation/TF
L_WIP/plots/amplicon_fragmentation.png used on input line 425.
(pdftex.def)             Requested size: 312.57016pt x 86.72466pt.

Overfull \hbox (5.28029pt too wide) in paragraph at lines 425--425
 [] 
 []

[44

 </Users/evayap/Documents/masters_thesis/presentation/TFL_WIP/plots/amplicon_fr
agmentation.png>]
</Users/evayap/Documents/job_application/marra_presentation/figures/amplicon_co
verage2.png, id=1639, 1099.10625pt x 278.03876pt>
File: /Users/evayap/Documents/job_application/marra_presentation/figures/amplic
on_coverage2.png Graphic file (type png)

<use /Users/evayap/Documents/job_application/marra_presentation/figures/amplico
n_coverage2.png>
Package pdftex.def Info: /Users/evayap/Documents/job_application/marra_presenta
tion/figures/amplicon_coverage2.png used on input line 434.
(pdftex.def)             Requested size: 329.73442pt x 83.41226pt.

Overfull \hbox (22.44455pt too wide) in paragraph at lines 434--434
 [] 
 []

[45

 </Users/evayap/Documents/job_application/marra_presentation/figures/amplicon_c
overage2.png>]
<./figures/amp_norm_depth_med_wilcoxon_volcano_85_xlabel.png, id=1675, 3312.375
pt x 2409.0pt>
File: ./figures/amp_norm_depth_med_wilcoxon_volcano_85_xlabel.png Graphic file 
(type png)

<use ./figures/amp_norm_depth_med_wilcoxon_volcano_85_xlabel.png>
Package pdftex.def Info: ./figures/amp_norm_depth_med_wilcoxon_volcano_85_xlabe
l.png used on input line 443.
(pdftex.def)             Requested size: 215.31194pt x 156.5905pt.
 [46

 <./figures/amp_norm_depth_med_wilcoxon_volcano_85_xlabel.png (PNG copy)>]
</Users/evayap/Documents/job_application/marra_presentation/figures/amp_cov_lm_
len_gc_85_ylabel_remove_fig_lab.png, id=1709, 538.6524pt x 287.1528pt>
File: /Users/evayap/Documents/job_application/marra_presentation/figures/amp_co
v_lm_len_gc_85_ylabel_remove_fig_lab.png Graphic file (type png)

<use /Users/evayap/Documents/job_application/marra_presentation/figures/amp_cov
_lm_len_gc_85_ylabel_remove_fig_lab.png>
Package pdftex.def Info: /Users/evayap/Documents/job_application/marra_presenta
tion/figures/amp_cov_lm_len_gc_85_ylabel_remove_fig_lab.png used on input line 
452.
(pdftex.def)             Requested size: 269.32555pt x 143.57603pt.
 [47

 </Users/evayap/Documents/job_application/marra_presentation/figures/amp_cov_lm
_len_gc_85_ylabel_remove_fig_lab.png>]
Overfull \hbox (6.57996pt too wide) in paragraph at lines 486--486
 [] 
 []

[48

]
Overfull \hbox (6.57996pt too wide) in paragraph at lines 486--486
 [] 
 []

[49

]
Overfull \hbox (6.57996pt too wide) in paragraph at lines 486--486
 [] 
 []

[50

]
</Users/evayap/Documents/job_application/marra_presentation/figures/deamination
_effect_blood_ffpe2.png, id=1848, 527.571pt x 227.4096pt>
File: /Users/evayap/Documents/job_application/marra_presentation/figures/deamin
ation_effect_blood_ffpe2.png Graphic file (type png)

<use /Users/evayap/Documents/job_application/marra_presentation/figures/deamina
tion_effect_blood_ffpe2.png>
Package pdftex.def Info: /Users/evayap/Documents/job_application/marra_presenta
tion/figures/deamination_effect_blood_ffpe2.png used on input line 495.
(pdftex.def)             Requested size: 305.9914pt x 131.89766pt.
 [51

 </Users/evayap/Documents/job_application/marra_presentation/figures/deaminatio
n_effect_blood_ffpe2.png>]
</Users/evayap/Documents/job_application/marra_presentation/figures/deamination
_effect_age_amp_yield_ylabel2.png, id=1884, 369.0588pt x 289.5618pt>
File: /Users/evayap/Documents/job_application/marra_presentation/figures/deamin
ation_effect_age_amp_yield_ylabel2.png Graphic file (type png)

<use /Users/evayap/Documents/job_application/marra_presentation/figures/deamina
tion_effect_age_amp_yield_ylabel2.png>
Package pdftex.def Info: /Users/evayap/Documents/job_application/marra_presenta
tion/figures/deamination_effect_age_amp_yield_ylabel2.png used on input line 50
4.
(pdftex.def)             Requested size: 202.98296pt x 159.25948pt.
 [52

 </Users/evayap/Documents/job_application/marra_presentation/figures/deaminatio
n_effect_age_amp_yield_ylabel2.png>]
</Users/evayap/Documents/job_application/marra_presentation/figures/deamination
_effect_age2.png, id=1919, 600.8046pt x 400.8576pt>
File: /Users/evayap/Documents/job_application/marra_presentation/figures/deamin
ation_effect_age2.png Graphic file (type png)

<use /Users/evayap/Documents/job_application/marra_presentation/figures/deamina
tion_effect_age2.png>
Package pdftex.def Info: /Users/evayap/Documents/job_application/marra_presenta
tion/figures/deamination_effect_age2.png used on input line 515.
(pdftex.def)             Requested size: 270.35956pt x 180.38425pt.

Overfull \vbox (9.31325pt too high) detected at line 515
 []

[53

 </Users/evayap/Documents/job_application/marra_presentation/figures/deaminatio
n_effect_age2.png>] [54

] [55

] [56

] [57

] [58

] [59

] [60

]
(./masters_defence.toc) [61

]
</Users/evayap/Documents/job_application/marra_presentation/figures/study_desig
n_aim2.png, id=2233, 770.88pt x 512.91624pt>
File: /Users/evayap/Documents/job_application/marra_presentation/figures/study_
design_aim2.png Graphic file (type png)

<use /Users/evayap/Documents/job_application/marra_presentation/figures/study_d
esign_aim2.png>
Package pdftex.def Info: /Users/evayap/Documents/job_application/marra_presenta
tion/figures/study_design_aim2.png used on input line 551.
(pdftex.def)             Requested size: 192.71953pt x 128.22874pt.
 [62

 </Users/evayap/Documents/job_application/marra_presentation/figures/study_desi
gn_aim2.png>]
</Users/evayap/Documents/job_application/marra_presentation/figures/variant_ana
lysis_pipeline.png, id=2268, 1077.02374pt x 962.59625pt>
File: /Users/evayap/Documents/job_application/marra_presentation/figures/varian
t_analysis_pipeline.png Graphic file (type png)

<use /Users/evayap/Documents/job_application/marra_presentation/figures/variant
_analysis_pipeline.png>
Package pdftex.def Info: /Users/evayap/Documents/job_application/marra_presenta
tion/figures/variant_analysis_pipeline.png used on input line 559.
(pdftex.def)             Requested size: 236.94595pt x 211.77182pt.

Overfull \vbox (8.83191pt too high) detected at line 559
 []

[63

 </Users/evayap/Documents/job_application/marra_presentation/figures/variant_an
alysis_pipeline.png>]
Overfull \hbox (2.69829pt too wide) in paragraph at lines 591--591
 [] 
 []

[64

]
Overfull \hbox (2.69829pt too wide) in paragraph at lines 623--623
 [] 
 []

[65

]
</Users/evayap/Documents/job_application/marra_presentation/figures/fluorouraci
l.png, id=2371, 542.025pt x 529.98pt>
File: /Users/evayap/Documents/job_application/marra_presentation/figures/fluoro
uracil.png Graphic file (type png)

<use /Users/evayap/Documents/job_application/marra_presentation/figures/fluorou
racil.png>
Package pdftex.def Info: /Users/evayap/Documents/job_application/marra_presenta
tion/figures/fluorouracil.png used on input line 640.
(pdftex.def)             Requested size: 189.71158pt x 185.49577pt.
 [66

 </Users/evayap/Documents/job_application/marra_presentation/figures/fluorourac
il.png>]
<./figures/ffpe_blood_conc_venn.png, id=2407, 3011.25pt x 3011.25pt>
File: ./figures/ffpe_blood_conc_venn.png Graphic file (type png)

<use ./figures/ffpe_blood_conc_venn.png>
Package pdftex.def Info: ./figures/ffpe_blood_conc_venn.png used on input line 
651.
(pdftex.def)             Requested size: 150.57132pt x 150.57132pt.
 [67

 <./figures/ffpe_blood_conc_venn.png>]
File: ./figures/ffpe_blood_conc_venn.png Graphic file (type png)
 <use ./figures/ffpe_blood_conc_venn.png>
Package pdftex.def Info: ./figures/ffpe_blood_conc_venn.png used on input line 
651.
(pdftex.def)             Requested size: 150.57132pt x 150.57132pt.
 [68

] (./masters_defence.toc)
[69

]
</Users/evayap/Documents/masters_thesis/presentation/TFL_WIP/plots/vaf_cells3.p
ng, id=2520, 827.09pt x 221.82875pt>
File: /Users/evayap/Documents/masters_thesis/presentation/TFL_WIP/plots/vaf_cel
ls3.png Graphic file (type png)

<use /Users/evayap/Documents/masters_thesis/presentation/TFL_WIP/plots/vaf_cell
s3.png>
Package pdftex.def Info: /Users/evayap/Documents/masters_thesis/presentation/TF
L_WIP/plots/vaf_cells3.png used on input line 663.
(pdftex.def)             Requested size: 314.29745pt x 84.29579pt.

Overfull \hbox (7.00758pt too wide) in paragraph at lines 663--663
 [] 
 []

[70

 </Users/evayap/Documents/masters_thesis/presentation/TFL_WIP/plots/vaf_cells3.
png>]
</Users/evayap/Documents/masters_thesis/presentation/TFL_WIP/plots/ffpe_blocks.
jpeg, id=2555, 120.45pt x 39.9894pt>
File: /Users/evayap/Documents/masters_thesis/presentation/TFL_WIP/plots/ffpe_bl
ocks.jpeg Graphic file (type jpg)

<use /Users/evayap/Documents/masters_thesis/presentation/TFL_WIP/plots/ffpe_blo
cks.jpeg>
Package pdftex.def Info: /Users/evayap/Documents/masters_thesis/presentation/TF
L_WIP/plots/ffpe_blocks.jpeg used on input line 671.
(pdftex.def)             Requested size: 240.89938pt x 79.97858pt.
 [71

 </Users/evayap/Documents/masters_thesis/presentation/TFL_WIP/plots/ffpe_blocks
.jpeg>]
</Users/evayap/Documents/masters_thesis/presentation/TFL_WIP/plots/vaf_cells.pn
g, id=2589, 820.06375pt x 216.81pt>
File: /Users/evayap/Documents/masters_thesis/presentation/TFL_WIP/plots/vaf_cel
ls.png Graphic file (type png)

<use /Users/evayap/Documents/masters_thesis/presentation/TFL_WIP/plots/vaf_cell
s.png>
Package pdftex.def Info: /Users/evayap/Documents/masters_thesis/presentation/TF
L_WIP/plots/vaf_cells.png used on input line 679.
(pdftex.def)             Requested size: 311.62746pt x 82.38864pt.

Overfull \hbox (4.33759pt too wide) in paragraph at lines 679--679
 [] 
 []

[72

 </Users/evayap/Documents/masters_thesis/presentation/TFL_WIP/plots/vaf_cells.p
ng>]
</Users/evayap/Documents/masters_thesis/presentation/TFL_WIP/plots/vaf_cells2.p
ng, id=2625, 831.105pt x 275.0275pt>
File: /Users/evayap/Documents/masters_thesis/presentation/TFL_WIP/plots/vaf_cel
ls2.png Graphic file (type png)

<use /Users/evayap/Documents/masters_thesis/presentation/TFL_WIP/plots/vaf_cell
s2.png>
Package pdftex.def Info: /Users/evayap/Documents/masters_thesis/presentation/TF
L_WIP/plots/vaf_cells2.png used on input line 687.
(pdftex.def)             Requested size: 315.82318pt x 104.51154pt.

Overfull \hbox (8.53331pt too wide) in paragraph at lines 687--687
 [] 
 []

[73

 </Users/evayap/Documents/masters_thesis/presentation/TFL_WIP/plots/vaf_cells2.
png>]
</Users/evayap/Documents/job_application/marra_presentation/figures/study_desig
n_aim3.png, id=2661, 915.42pt x 563.10374pt>
File: /Users/evayap/Documents/job_application/marra_presentation/figures/study_
design_aim3.png Graphic file (type png)

<use /Users/evayap/Documents/job_application/marra_presentation/figures/study_d
esign_aim3.png>
Package pdftex.def Info: /Users/evayap/Documents/job_application/marra_presenta
tion/figures/study_design_aim3.png used on input line 694.
(pdftex.def)             Requested size: 228.85443pt x 140.77559pt.
 [74

 </Users/evayap/Documents/job_application/marra_presentation/figures/study_desi
gn_aim3.png>]
</Users/evayap/Documents/job_application/marra_presentation/figures/germline_se
ns_minor_no_line3.png, id=2696, 309.7974pt x 245.2362pt>
File: /Users/evayap/Documents/job_application/marra_presentation/figures/germli
ne_sens_minor_no_line3.png Graphic file (type png)

<use /Users/evayap/Documents/job_application/marra_presentation/figures/germlin
e_sens_minor_no_line3.png>
Package pdftex.def Info: /Users/evayap/Documents/job_application/marra_presenta
tion/figures/germline_sens_minor_no_line3.png used on input line 701.
(pdftex.def)             Requested size: 185.87987pt x 147.14285pt.
 [75

 </Users/evayap/Documents/job_application/marra_presentation/figures/germline_s
ens_minor_no_line3.png>]
</Users/evayap/Documents/job_application/marra_presentation/figures/contingency
_table2.png, id=2732, 1541.76pt x 587.19376pt>
File: /Users/evayap/Documents/job_application/marra_presentation/figures/contin
gency_table2.png Graphic file (type png)

<use /Users/evayap/Documents/job_application/marra_presentation/figures/conting
ency_table2.png>
Package pdftex.def Info: /Users/evayap/Documents/job_application/marra_presenta
tion/figures/contingency_table2.png used on input line 711.
(pdftex.def)             Requested size: 308.34654pt x 117.43666pt.

Overfull \hbox (1.05667pt too wide) in paragraph at lines 711--711
 [] 
 []

[76

 </Users/evayap/Documents/job_application/marra_presentation/figures/contingenc
y_table2.png>] [77

]
<./figures/opportunity_clinical_sequencing_research_question2.png, id=2800, 766
.865pt x 796.9775pt>
File: ./figures/opportunity_clinical_sequencing_research_question2.png Graphic 
file (type png)

<use ./figures/opportunity_clinical_sequencing_research_question2.png>
Package pdftex.def Info: ./figures/opportunity_clinical_sequencing_research_que
stion2.png used on input line 750.
(pdftex.def)             Requested size: 168.71082pt x 175.33559pt.
 [78

 <./figures/opportunity_clinical_sequencing_research_question2.png>]
</Users/evayap/Documents/job_application/marra_presentation/figures/germline_pp
v_minor_no_line3.png, id=2835, 308.8338pt x 246.1998pt>
File: /Users/evayap/Documents/job_application/marra_presentation/figures/germli
ne_ppv_minor_no_line3.png Graphic file (type png)

<use /Users/evayap/Documents/job_application/marra_presentation/figures/germlin
e_ppv_minor_no_line3.png>
Package pdftex.def Info: /Users/evayap/Documents/job_application/marra_presenta
tion/figures/germline_ppv_minor_no_line3.png used on input line 757.
(pdftex.def)             Requested size: 185.3017pt x 147.72101pt.
 [79

 </Users/evayap/Documents/job_application/marra_presentation/figures/germline_p
pv_minor_no_line3.png>]
File: /Users/evayap/Documents/job_application/marra_presentation/figures/contin
gency_table2.png Graphic file (type png)

<use /Users/evayap/Documents/job_application/marra_presentation/figures/conting
ency_table2.png>
Package pdftex.def Info: /Users/evayap/Documents/job_application/marra_presenta
tion/figures/contingency_table2.png used on input line 767.
(pdftex.def)             Requested size: 308.34654pt x 117.43666pt.

Overfull \hbox (1.05667pt too wide) in paragraph at lines 767--767
 [] 
 []

[80

] [81

] (./masters_defence.toc) [82

] [83

] [84

] [85

] [86

] [87

] [88

]
</Users/evayap/Documents/masters_thesis/presentation/TFL_WIP/plots/ACCE_wheel.p
ng, id=3182, 473.77pt x 469.755pt>
File: /Users/evayap/Documents/masters_thesis/presentation/TFL_WIP/plots/ACCE_wh
eel.png Graphic file (type png)

<use /Users/evayap/Documents/masters_thesis/presentation/TFL_WIP/plots/ACCE_whe
el.png>
Package pdftex.def Info: /Users/evayap/Documents/masters_thesis/presentation/TF
L_WIP/plots/ACCE_wheel.png used on input line 873.
(pdftex.def)             Requested size: 189.50464pt x 187.89867pt.
 [89

 </Users/evayap/Documents/masters_thesis/presentation/TFL_WIP/plots/ACCE_wheel.
png>] [90

]
<./figures/amp_gc_length.png, id=3251, 2409.0pt x 2409.0pt>
File: ./figures/amp_gc_length.png Graphic file (type png)

<use ./figures/amp_gc_length.png>
Package pdftex.def Info: ./figures/amp_gc_length.png used on input line 928.
(pdftex.def)             Requested size: 192.72394pt x 192.72394pt.

Overfull \vbox (15.03401pt too high) detected at line 928
 []

[91

 <./figures/amp_gc_length.png (PNG copy)>]
</Users/evayap/Documents/job_application/marra_presentation/figures/deamination
_effect_blood_ffpe3.png, id=3287, 527.571pt x 225.0006pt>
File: /Users/evayap/Documents/job_application/marra_presentation/figures/deamin
ation_effect_blood_ffpe3.png Graphic file (type png)

<use /Users/evayap/Documents/job_application/marra_presentation/figures/deamina
tion_effect_blood_ffpe3.png>
Package pdftex.def Info: /Users/evayap/Documents/job_application/marra_presenta
tion/figures/deamination_effect_blood_ffpe3.png used on input line 936.
(pdftex.def)             Requested size: 305.9914pt x 130.50043pt.
 [92

 </Users/evayap/Documents/job_application/marra_presentation/figures/deaminatio
n_effect_blood_ffpe3.png>]
</Users/evayap/Documents/job_application/marra_presentation/figures/deamination
_effect_af_range_3.png, id=3322, 607.068pt x 426.8748pt>
File: /Users/evayap/Documents/job_application/marra_presentation/figures/deamin
ation_effect_af_range_3.png Graphic file (type png)

<use /Users/evayap/Documents/job_application/marra_presentation/figures/deamina
tion_effect_af_range_3.png>
Package pdftex.def Info: /Users/evayap/Documents/job_application/marra_presenta
tion/figures/deamination_effect_af_range_3.png used on input line 945.
(pdftex.def)             Requested size: 242.82289pt x 170.74689pt.

Overfull \vbox (11.05696pt too high) detected at line 945
 []

[93

 </Users/evayap/Documents/job_application/marra_presentation/figures/deaminatio
n_effect_af_range_3.png>]
</Users/evayap/Documents/job_application/marra_presentation/figures/germline_se
ns_minor_no_line2.png, id=3357, 309.3156pt x 245.2362pt>
File: /Users/evayap/Documents/job_application/marra_presentation/figures/germli
ne_sens_minor_no_line2.png Graphic file (type png)

<use /Users/evayap/Documents/job_application/marra_presentation/figures/germlin
e_sens_minor_no_line2.png>
Package pdftex.def Info: /Users/evayap/Documents/job_application/marra_presenta
tion/figures/germline_sens_minor_no_line2.png used on input line 953.
(pdftex.def)             Requested size: 185.59077pt x 147.14285pt.
 [94

 </Users/evayap/Documents/job_application/marra_presentation/figures/germline_s
ens_minor_no_line2.png>]
</Users/evayap/Documents/job_application/marra_presentation/figures/germline_pp
v_minor_no_line2.png, id=3393, 310.2792pt x 247.6452pt>
File: /Users/evayap/Documents/job_application/marra_presentation/figures/germli
ne_ppv_minor_no_line2.png Graphic file (type png)

<use /Users/evayap/Documents/job_application/marra_presentation/figures/germlin
e_ppv_minor_no_line2.png>
Package pdftex.def Info: /Users/evayap/Documents/job_application/marra_presenta
tion/figures/germline_ppv_minor_no_line2.png used on input line 962.
(pdftex.def)             Requested size: 186.16895pt x 148.58826pt.
 [95

 </Users/evayap/Documents/job_application/marra_presentation/figures/germline_p
pv_minor_no_line2.png>]
\tf@nav=\write6
\openout6 = `masters_defence.nav'.

\tf@toc=\write7
\openout7 = `masters_defence.toc'.

\tf@snm=\write8
\openout8 = `masters_defence.snm'.

Package atveryend Info: Empty hook `BeforeClearDocument' on input line 964.
Package atveryend Info: Empty hook `AfterLastShipout' on input line 964.
 (./masters_defence.aux)
Package atveryend Info: Executing hook `AtVeryEndDocument' on input line 964.
Package atveryend Info: Executing hook `AtEndAfterFileList' on input line 964.
Package rerunfilecheck Info: File `masters_defence.out' has not changed.
(rerunfilecheck)             Checksum: 1643AFA905585AC3D70E6F61247D371C;638.


LaTeX Font Warning: Size substitutions with differences
(Font)              up to 1.0pt have occurred.


LaTeX Font Warning: Some font shapes were not available, defaults substituted.

 ) 
Here is how much of TeX's memory you used:
 29251 strings out of 492995
 600281 string characters out of 6132704
 619148 words of memory out of 5000000
 32036 multiletter control sequences out of 15000+600000
 20774 words of font info for 78 fonts, out of 8000000 for 9000
 1141 hyphenation exceptions out of 8191
 67i,15n,102p,10400b,716s stack positions out of 5000i,500n,10000p,200000b,80000s
pdfTeX warning (dest): name{Navigation96} has been referenced but does not ex
ist, replaced by a fixed one

</usr/local/texlive/2017/texmf-dist/fonts/type1/public/amsfonts/cm/cmmi10.pfb><
/usr/local/texlive/2017/texmf-dist/fonts/type1/public/amsfonts/cm/cmmi12.pfb></
usr/local/texlive/2017/texmf-dist/fonts/type1/public/amsfonts/cm/cmmi6.pfb></us
r/local/texlive/2017/texmf-dist/fonts/type1/public/amsfonts/cm/cmmi8.pfb></usr/
local/texlive/2017/texmf-dist/fonts/type1/public/amsfonts/cm/cmss10.pfb></usr/l
ocal/texlive/2017/texmf-dist/fonts/type1/public/amsfonts/cm/cmss12.pfb></usr/lo
cal/texlive/2017/texmf-dist/fonts/type1/public/amsfonts/cm/cmss8.pfb></usr/loca
l/texlive/2017/texmf-dist/fonts/type1/public/amsfonts/cm/cmss9.pfb></usr/local/
texlive/2017/texmf-dist/fonts/type1/public/amsfonts/cm/cmssbx10.pfb></usr/local
/texlive/2017/texmf-dist/fonts/type1/public/amsfonts/cm/cmssi10.pfb></usr/local
/texlive/2017/texmf-dist/fonts/type1/public/amsfonts/cm/cmssi12.pfb></usr/local
/texlive/2017/texmf-dist/fonts/type1/public/amsfonts/cm/cmssi8.pfb></usr/local/
texlive/2017/texmf-dist/fonts/type1/public/amsfonts/cm/cmsy10.pfb></usr/local/t
exlive/2017/texmf-dist/fonts/type1/public/amsfonts/cm/cmsy5.pfb></usr/local/tex
live/2017/texmf-dist/fonts/type1/public/amsfonts/cm/cmsy6.pfb></usr/local/texli
ve/2017/texmf-dist/fonts/type1/public/amsfonts/cm/cmsy8.pfb>
Output written on masters_defence.pdf (95 pages, 5570383 bytes).
PDF statistics:
 3525 PDF objects out of 3580 (max. 8388607)
 3276 compressed objects within 33 object streams
 200 named destinations out of 1000 (max. 500000)
 344 words of extra memory for PDF output out of 10000 (max. 10000000)

